2019-01-10 00:15:12.302  INFO 57648 --- [restartedMain] c.s.c.ConfigserviceApplication           : No active profile set, falling back to default profiles: default
2019-01-10 00:15:31.462  INFO 57657 --- [restartedMain] c.s.c.ConfigserviceApplication           : No active profile set, falling back to default profiles: default
2019-01-10 00:15:32.144  INFO 57657 --- [restartedMain] o.s.cloud.context.scope.GenericScope     : BeanFactory id=ce6f258c-14b8-3419-8376-a2a54a72ae61
2019-01-10 00:15:32.162  INFO 57657 --- [restartedMain] trationDelegate$BeanPostProcessorChecker : Bean 'org.springframework.cloud.autoconfigure.ConfigurationPropertiesRebinderAutoConfiguration' of type [org.springframework.cloud.autoconfigure.ConfigurationPropertiesRebinderAutoConfiguration$$EnhancerBySpringCGLIB$$b3416764] is not eligible for getting processed by all BeanPostProcessors (for example: not eligible for auto-proxying)
2019-01-10 00:15:32.462  INFO 57657 --- [restartedMain] o.s.b.w.embedded.tomcat.TomcatWebServer  : Tomcat initialized with port(s): 8888 (http)
2019-01-10 00:15:32.485  INFO 57657 --- [restartedMain] o.apache.catalina.core.StandardService   : Starting service [Tomcat]
2019-01-10 00:15:32.485  INFO 57657 --- [restartedMain] org.apache.catalina.core.StandardEngine  : Starting Servlet Engine: Apache Tomcat/9.0.13
2019-01-10 00:15:32.491  INFO 57657 --- [restartedMain] o.a.catalina.core.AprLifecycleListener   : The APR based Apache Tomcat Native library which allows optimal performance in production environments was not found on the java.library.path: [/Users/serhii/Library/Java/Extensions:/Library/Java/Extensions:/Network/Library/Java/Extensions:/System/Library/Java/Extensions:/usr/lib/java:.]
2019-01-10 00:15:32.562  INFO 57657 --- [restartedMain] o.a.c.c.C.[Tomcat].[localhost].[/]       : Initializing Spring embedded WebApplicationContext
2019-01-10 00:15:33.031 ERROR 57657 --- [restartedMain] o.s.b.web.embedded.tomcat.TomcatStarter  : Error starting Tomcat context. Exception: org.springframework.beans.factory.BeanCreationException. Message: Error creating bean with name 'servletEndpointRegistrar' defined in class path resource [org/springframework/boot/actuate/autoconfigure/endpoint/web/ServletEndpointManagementContextConfiguration$WebMvcServletEndpointManagementContextConfiguration.class]: Bean instantiation via factory method failed; nested exception is org.springframework.beans.BeanInstantiationException: Failed to instantiate [org.springframework.boot.actuate.endpoint.web.ServletEndpointRegistrar]: Factory method 'servletEndpointRegistrar' threw exception; nested exception is org.springframework.beans.factory.UnsatisfiedDependencyException: Error creating bean with name 'healthEndpoint' defined in class path resource [org/springframework/boot/actuate/autoconfigure/health/HealthEndpointConfiguration.class]: Unsatisfied dependency expressed through method 'healthEndpoint' parameter 1; nested exception is org.springframework.beans.factory.BeanCreationException: Error creating bean with name 'healthIndicatorRegistry' defined in class path resource [org/springframework/boot/actuate/autoconfigure/health/HealthIndicatorAutoConfiguration.class]: Bean instantiation via factory method failed; nested exception is org.springframework.beans.BeanInstantiationException: Failed to instantiate [org.springframework.boot.actuate.health.HealthIndicatorRegistry]: Factory method 'healthIndicatorRegistry' threw exception; nested exception is org.springframework.beans.factory.UnsatisfiedDependencyException: Error creating bean with name 'configServerHealthIndicator' defined in class path resource [org/springframework/cloud/config/server/config/EnvironmentRepositoryConfiguration.class]: Unsatisfied dependency expressed through method 'configServerHealthIndicator' parameter 0; nested exception is org.springframework.beans.factory.UnsatisfiedDependencyException: Error creating bean with name 'org.springframework.cloud.config.server.config.CompositeConfiguration': Unsatisfied dependency expressed through method 'setEnvironmentRepos' parameter 0; nested exception is org.springframework.beans.factory.BeanCreationException: Error creating bean with name 'defaultEnvironmentRepository' defined in class path resource [org/springframework/cloud/config/server/config/DefaultRepositoryConfiguration.class]: Invocation of init method failed; nested exception is java.lang.IllegalStateException: You need to configure a uri for the git repository.
2019-01-10 00:15:33.041  INFO 57657 --- [restartedMain] o.apache.catalina.core.StandardService   : Stopping service [Tomcat]
2019-01-10 00:15:33.045  WARN 57657 --- [restartedMain] ConfigServletWebServerApplicationContext : Exception encountered during context initialization - cancelling refresh attempt: org.springframework.context.ApplicationContextException: Unable to start web server; nested exception is org.springframework.boot.web.server.WebServerException: Unable to start embedded Tomcat
2019-01-10 00:15:33.053  INFO 57657 --- [restartedMain] ConditionEvaluationReportLoggingListener : 

Error starting ApplicationContext. To display the conditions report re-run your application with 'debug' enabled.
2019-01-10 00:15:33.055 ERROR 57657 --- [restartedMain] o.s.b.d.LoggingFailureAnalysisReporter   : 

***************************
APPLICATION FAILED TO START
***************************

Description:

Invalid config server configuration.

Action:

If you are using the git profile, you need to set a Git URI in your configuration.  If you are using a native profile and have spring.cloud.config.server.bootstrap=true, you need to use a composite configuration.

2019-01-10 00:15:57.084  INFO 57661 --- [restartedMain] c.s.c.ConfigserviceApplication           : No active profile set, falling back to default profiles: default
2019-01-10 00:15:57.769  INFO 57661 --- [restartedMain] o.s.cloud.context.scope.GenericScope     : BeanFactory id=ce6f258c-14b8-3419-8376-a2a54a72ae61
2019-01-10 00:15:57.788  INFO 57661 --- [restartedMain] trationDelegate$BeanPostProcessorChecker : Bean 'org.springframework.cloud.autoconfigure.ConfigurationPropertiesRebinderAutoConfiguration' of type [org.springframework.cloud.autoconfigure.ConfigurationPropertiesRebinderAutoConfiguration$$EnhancerBySpringCGLIB$$657601e5] is not eligible for getting processed by all BeanPostProcessors (for example: not eligible for auto-proxying)
2019-01-10 00:15:58.099  INFO 57661 --- [restartedMain] o.s.b.w.embedded.tomcat.TomcatWebServer  : Tomcat initialized with port(s): 8888 (http)
2019-01-10 00:15:58.114  INFO 57661 --- [restartedMain] o.apache.catalina.core.StandardService   : Starting service [Tomcat]
2019-01-10 00:15:58.115  INFO 57661 --- [restartedMain] org.apache.catalina.core.StandardEngine  : Starting Servlet Engine: Apache Tomcat/9.0.13
2019-01-10 00:15:58.120  INFO 57661 --- [restartedMain] o.a.catalina.core.AprLifecycleListener   : The APR based Apache Tomcat Native library which allows optimal performance in production environments was not found on the java.library.path: [/Users/serhii/Library/Java/Extensions:/Library/Java/Extensions:/Network/Library/Java/Extensions:/System/Library/Java/Extensions:/usr/lib/java:.]
2019-01-10 00:15:58.190  INFO 57661 --- [restartedMain] o.a.c.c.C.[Tomcat].[localhost].[/]       : Initializing Spring embedded WebApplicationContext
2019-01-10 00:15:59.000  INFO 57661 --- [restartedMain] o.s.s.concurrent.ThreadPoolTaskExecutor  : Initializing ExecutorService 'applicationTaskExecutor'
2019-01-10 00:15:59.208  WARN 57661 --- [restartedMain] o.s.b.d.a.OptionalLiveReloadServer       : Unable to start LiveReload server
2019-01-10 00:15:59.288  INFO 57661 --- [restartedMain] o.s.b.a.e.web.EndpointLinksResolver      : Exposing 2 endpoint(s) beneath base path '/actuator'
2019-01-10 00:15:59.398  INFO 57661 --- [restartedMain] o.s.b.w.embedded.tomcat.TomcatWebServer  : Tomcat started on port(s): 8888 (http) with context path ''
2019-01-10 00:15:59.400  INFO 57661 --- [restartedMain] c.s.c.ConfigserviceApplication           : Started ConfigserviceApplication in 3.292 seconds (JVM running for 3.993)
2019-01-10 00:15:59.583  INFO 57661 --- [RMI TCP Connection(2)-127.0.0.1] o.a.c.c.C.[Tomcat].[localhost].[/]       : Initializing Spring DispatcherServlet 'dispatcherServlet'
2019-01-10 00:16:02.525  INFO 57661 --- [RMI TCP Connection(4)-127.0.0.1] .e.DevToolsPropertyDefaultsPostProcessor : Devtools property defaults active! Set 'spring.devtools.add-properties' to 'false' to disable
2019-01-10 00:16:35.147  INFO 57661 --- [http-nio-8888-exec-5] .e.DevToolsPropertyDefaultsPostProcessor : Devtools property defaults active! Set 'spring.devtools.add-properties' to 'false' to disable
2019-01-10 00:17:36.432  INFO 57661 --- [Thread-20] o.s.s.concurrent.ThreadPoolTaskExecutor  : Shutting down ExecutorService 'applicationTaskExecutor'
2019-01-10 00:17:40.033  INFO 57680 --- [restartedMain] c.s.c.ConfigserviceApplication           : No active profile set, falling back to default profiles: default
2019-01-10 00:17:40.678  INFO 57680 --- [restartedMain] o.s.cloud.context.scope.GenericScope     : BeanFactory id=ce6f258c-14b8-3419-8376-a2a54a72ae61
2019-01-10 00:17:40.700  INFO 57680 --- [restartedMain] trationDelegate$BeanPostProcessorChecker : Bean 'org.springframework.cloud.autoconfigure.ConfigurationPropertiesRebinderAutoConfiguration' of type [org.springframework.cloud.autoconfigure.ConfigurationPropertiesRebinderAutoConfiguration$$EnhancerBySpringCGLIB$$dd66222a] is not eligible for getting processed by all BeanPostProcessors (for example: not eligible for auto-proxying)
2019-01-10 00:17:41.005  INFO 57680 --- [restartedMain] o.s.b.w.embedded.tomcat.TomcatWebServer  : Tomcat initialized with port(s): 8888 (http)
2019-01-10 00:17:41.023  INFO 57680 --- [restartedMain] o.apache.catalina.core.StandardService   : Starting service [Tomcat]
2019-01-10 00:17:41.023  INFO 57680 --- [restartedMain] org.apache.catalina.core.StandardEngine  : Starting Servlet Engine: Apache Tomcat/9.0.13
2019-01-10 00:17:41.029  INFO 57680 --- [restartedMain] o.a.catalina.core.AprLifecycleListener   : The APR based Apache Tomcat Native library which allows optimal performance in production environments was not found on the java.library.path: [/Users/serhii/Library/Java/Extensions:/Library/Java/Extensions:/Network/Library/Java/Extensions:/System/Library/Java/Extensions:/usr/lib/java:.]
2019-01-10 00:17:41.104  INFO 57680 --- [restartedMain] o.a.c.c.C.[Tomcat].[localhost].[/]       : Initializing Spring embedded WebApplicationContext
2019-01-10 00:17:41.842  INFO 57680 --- [restartedMain] o.s.s.concurrent.ThreadPoolTaskExecutor  : Initializing ExecutorService 'applicationTaskExecutor'
2019-01-10 00:17:42.093  WARN 57680 --- [restartedMain] o.s.b.d.a.OptionalLiveReloadServer       : Unable to start LiveReload server
2019-01-10 00:17:42.148  INFO 57680 --- [restartedMain] o.s.b.a.e.web.EndpointLinksResolver      : Exposing 2 endpoint(s) beneath base path '/actuator'
2019-01-10 00:17:42.241  INFO 57680 --- [restartedMain] o.s.b.w.embedded.tomcat.TomcatWebServer  : Tomcat started on port(s): 8888 (http) with context path ''
2019-01-10 00:17:42.244  INFO 57680 --- [restartedMain] c.s.c.ConfigserviceApplication           : Started ConfigserviceApplication in 3.023 seconds (JVM running for 3.739)
2019-01-10 00:17:42.643  INFO 57680 --- [RMI TCP Connection(4)-127.0.0.1] o.a.c.c.C.[Tomcat].[localhost].[/]       : Initializing Spring DispatcherServlet 'dispatcherServlet'
2019-01-10 00:17:44.575  INFO 57680 --- [RMI TCP Connection(2)-127.0.0.1] .e.DevToolsPropertyDefaultsPostProcessor : Devtools property defaults active! Set 'spring.devtools.add-properties' to 'false' to disable
2019-01-10 00:20:11.543  INFO 57680 --- [Thread-20] o.s.s.concurrent.ThreadPoolTaskExecutor  : Shutting down ExecutorService 'applicationTaskExecutor'
2019-01-10 00:20:15.634  INFO 57773 --- [restartedMain] c.s.c.ConfigserviceApplication           : No active profile set, falling back to default profiles: default
2019-01-10 00:20:16.317  INFO 57773 --- [restartedMain] o.s.cloud.context.scope.GenericScope     : BeanFactory id=ce6f258c-14b8-3419-8376-a2a54a72ae61
2019-01-10 00:20:16.336  INFO 57773 --- [restartedMain] trationDelegate$BeanPostProcessorChecker : Bean 'org.springframework.cloud.autoconfigure.ConfigurationPropertiesRebinderAutoConfiguration' of type [org.springframework.cloud.autoconfigure.ConfigurationPropertiesRebinderAutoConfiguration$$EnhancerBySpringCGLIB$$a49ca464] is not eligible for getting processed by all BeanPostProcessors (for example: not eligible for auto-proxying)
2019-01-10 00:20:16.677  INFO 57773 --- [restartedMain] o.s.b.w.embedded.tomcat.TomcatWebServer  : Tomcat initialized with port(s): 8888 (http)
2019-01-10 00:20:16.694  INFO 57773 --- [restartedMain] o.apache.catalina.core.StandardService   : Starting service [Tomcat]
2019-01-10 00:20:16.694  INFO 57773 --- [restartedMain] org.apache.catalina.core.StandardEngine  : Starting Servlet Engine: Apache Tomcat/9.0.13
2019-01-10 00:20:16.700  INFO 57773 --- [restartedMain] o.a.catalina.core.AprLifecycleListener   : The APR based Apache Tomcat Native library which allows optimal performance in production environments was not found on the java.library.path: [/Users/serhii/Library/Java/Extensions:/Library/Java/Extensions:/Network/Library/Java/Extensions:/System/Library/Java/Extensions:/usr/lib/java:.]
2019-01-10 00:20:16.770  INFO 57773 --- [restartedMain] o.a.c.c.C.[Tomcat].[localhost].[/]       : Initializing Spring embedded WebApplicationContext
2019-01-10 00:20:17.484  INFO 57773 --- [restartedMain] o.s.s.concurrent.ThreadPoolTaskExecutor  : Initializing ExecutorService 'applicationTaskExecutor'
2019-01-10 00:20:17.676  WARN 57773 --- [restartedMain] o.s.b.d.a.OptionalLiveReloadServer       : Unable to start LiveReload server
2019-01-10 00:20:17.736  INFO 57773 --- [restartedMain] o.s.b.a.e.web.EndpointLinksResolver      : Exposing 2 endpoint(s) beneath base path '/actuator'
2019-01-10 00:20:17.828  INFO 57773 --- [restartedMain] o.s.b.w.embedded.tomcat.TomcatWebServer  : Tomcat started on port(s): 8888 (http) with context path ''
2019-01-10 00:20:17.830  INFO 57773 --- [restartedMain] c.s.c.ConfigserviceApplication           : Started ConfigserviceApplication in 3.21 seconds (JVM running for 4.043)
2019-01-10 00:20:17.932  INFO 57773 --- [RMI TCP Connection(4)-127.0.0.1] o.a.c.c.C.[Tomcat].[localhost].[/]       : Initializing Spring DispatcherServlet 'dispatcherServlet'
2019-01-10 00:20:20.144  INFO 57773 --- [RMI TCP Connection(2)-127.0.0.1] .e.DevToolsPropertyDefaultsPostProcessor : Devtools property defaults active! Set 'spring.devtools.add-properties' to 'false' to disable
2019-01-10 00:20:26.657  INFO 57773 --- [http-nio-8888-exec-1] .e.DevToolsPropertyDefaultsPostProcessor : Devtools property defaults active! Set 'spring.devtools.add-properties' to 'false' to disable
2019-01-10 00:20:26.666  INFO 57773 --- [http-nio-8888-exec-1] o.s.c.c.s.e.NativeEnvironmentRepository  : Adding property source: file:/var/folders/hf/kcy8xkw11_lg76v2_8q41rr00000gn/T/config-repo-6978341835052350936/java/spring-liquibase-okr/authorizationservice/authorizationservice.yml
2019-01-10 00:20:39.667  INFO 57773 --- [http-nio-8888-exec-4] .e.DevToolsPropertyDefaultsPostProcessor : Devtools property defaults active! Set 'spring.devtools.add-properties' to 'false' to disable
2019-01-10 00:20:39.676  INFO 57773 --- [http-nio-8888-exec-4] o.s.c.c.s.e.NativeEnvironmentRepository  : Adding property source: file:/var/folders/hf/kcy8xkw11_lg76v2_8q41rr00000gn/T/config-repo-6978341835052350936/java/spring-liquibase-okr/authorizationservice/authorizationservice.yml
2019-01-10 00:28:40.794  INFO 57773 --- [Thread-19] o.s.s.concurrent.ThreadPoolTaskExecutor  : Shutting down ExecutorService 'applicationTaskExecutor'
2019-01-10 00:28:53.727  INFO 57899 --- [restartedMain] c.s.c.ConfigserviceApplication           : No active profile set, falling back to default profiles: default
2019-01-10 00:28:54.435  INFO 57899 --- [restartedMain] o.s.cloud.context.scope.GenericScope     : BeanFactory id=ce6f258c-14b8-3419-8376-a2a54a72ae61
2019-01-10 00:28:54.453  INFO 57899 --- [restartedMain] trationDelegate$BeanPostProcessorChecker : Bean 'org.springframework.cloud.autoconfigure.ConfigurationPropertiesRebinderAutoConfiguration' of type [org.springframework.cloud.autoconfigure.ConfigurationPropertiesRebinderAutoConfiguration$$EnhancerBySpringCGLIB$$9414a384] is not eligible for getting processed by all BeanPostProcessors (for example: not eligible for auto-proxying)
2019-01-10 00:28:54.791  INFO 57899 --- [restartedMain] o.s.b.w.embedded.tomcat.TomcatWebServer  : Tomcat initialized with port(s): 8888 (http)
2019-01-10 00:28:54.807  INFO 57899 --- [restartedMain] o.apache.catalina.core.StandardService   : Starting service [Tomcat]
2019-01-10 00:28:54.807  INFO 57899 --- [restartedMain] org.apache.catalina.core.StandardEngine  : Starting Servlet Engine: Apache Tomcat/9.0.13
2019-01-10 00:28:54.812  INFO 57899 --- [restartedMain] o.a.catalina.core.AprLifecycleListener   : The APR based Apache Tomcat Native library which allows optimal performance in production environments was not found on the java.library.path: [/Users/serhii/Library/Java/Extensions:/Library/Java/Extensions:/Network/Library/Java/Extensions:/System/Library/Java/Extensions:/usr/lib/java:.]
2019-01-10 00:28:54.882  INFO 57899 --- [restartedMain] o.a.c.c.C.[Tomcat].[localhost].[/]       : Initializing Spring embedded WebApplicationContext
2019-01-10 00:28:55.614  INFO 57899 --- [restartedMain] o.s.s.concurrent.ThreadPoolTaskExecutor  : Initializing ExecutorService 'applicationTaskExecutor'
2019-01-10 00:28:55.816  INFO 57899 --- [restartedMain] o.s.b.d.a.OptionalLiveReloadServer       : LiveReload server is running on port 35729
2019-01-10 00:28:55.881  INFO 57899 --- [restartedMain] o.s.b.a.e.web.EndpointLinksResolver      : Exposing 2 endpoint(s) beneath base path '/actuator'
2019-01-10 00:28:55.978  INFO 57899 --- [restartedMain] o.s.b.w.embedded.tomcat.TomcatWebServer  : Tomcat started on port(s): 8888 (http) with context path ''
2019-01-10 00:28:55.981  INFO 57899 --- [restartedMain] c.s.c.ConfigserviceApplication           : Started ConfigserviceApplication in 3.019 seconds (JVM running for 3.841)
2019-01-10 00:28:56.350  INFO 57899 --- [RMI TCP Connection(2)-127.0.0.1] o.a.c.c.C.[Tomcat].[localhost].[/]       : Initializing Spring DispatcherServlet 'dispatcherServlet'
2019-01-10 00:28:58.405  INFO 57899 --- [RMI TCP Connection(4)-127.0.0.1] .e.DevToolsPropertyDefaultsPostProcessor : Devtools property defaults active! Set 'spring.devtools.add-properties' to 'false' to disable
2019-01-10 00:29:04.024  INFO 57899 --- [http-nio-8888-exec-1] .e.DevToolsPropertyDefaultsPostProcessor : Devtools property defaults active! Set 'spring.devtools.add-properties' to 'false' to disable
2019-01-10 00:29:08.191  INFO 57899 --- [http-nio-8888-exec-2] .e.DevToolsPropertyDefaultsPostProcessor : Devtools property defaults active! Set 'spring.devtools.add-properties' to 'false' to disable
2019-01-10 00:29:47.818  INFO 57899 --- [http-nio-8888-exec-4] .e.DevToolsPropertyDefaultsPostProcessor : Devtools property defaults active! Set 'spring.devtools.add-properties' to 'false' to disable
2019-01-10 00:29:51.812  INFO 57899 --- [http-nio-8888-exec-5] .e.DevToolsPropertyDefaultsPostProcessor : Devtools property defaults active! Set 'spring.devtools.add-properties' to 'false' to disable
2019-01-10 00:30:14.954  INFO 57899 --- [http-nio-8888-exec-6] .e.DevToolsPropertyDefaultsPostProcessor : Devtools property defaults active! Set 'spring.devtools.add-properties' to 'false' to disable
2019-01-10 00:30:19.358  INFO 57899 --- [http-nio-8888-exec-8] .e.DevToolsPropertyDefaultsPostProcessor : Devtools property defaults active! Set 'spring.devtools.add-properties' to 'false' to disable
2019-01-10 00:30:19.364  INFO 57899 --- [http-nio-8888-exec-8] o.s.c.c.s.e.NativeEnvironmentRepository  : Adding property source: file:/var/folders/hf/kcy8xkw11_lg76v2_8q41rr00000gn/T/config-repo-8978661520435819729/java/spring-liquibase-okr/eurekaservice/eurekaservice.yml
2019-01-10 00:32:18.537  INFO 57899 --- [http-nio-8888-exec-1] .c.s.e.MultipleJGitEnvironmentRepository : Fetched for remote master and found 1 updates
2019-01-10 00:32:18.569  INFO 57899 --- [http-nio-8888-exec-1] .e.DevToolsPropertyDefaultsPostProcessor : Devtools property defaults active! Set 'spring.devtools.add-properties' to 'false' to disable
2019-01-10 00:32:21.413  INFO 57899 --- [http-nio-8888-exec-3] .e.DevToolsPropertyDefaultsPostProcessor : Devtools property defaults active! Set 'spring.devtools.add-properties' to 'false' to disable
2019-01-10 00:32:24.692  INFO 57899 --- [http-nio-8888-exec-5] .e.DevToolsPropertyDefaultsPostProcessor : Devtools property defaults active! Set 'spring.devtools.add-properties' to 'false' to disable
2019-01-10 00:32:32.861  INFO 57899 --- [http-nio-8888-exec-6] .e.DevToolsPropertyDefaultsPostProcessor : Devtools property defaults active! Set 'spring.devtools.add-properties' to 'false' to disable
2019-01-10 00:32:45.120  INFO 57899 --- [Thread-22] o.s.s.concurrent.ThreadPoolTaskExecutor  : Shutting down ExecutorService 'applicationTaskExecutor'
2019-01-10 00:32:48.951  INFO 58052 --- [restartedMain] c.s.c.ConfigserviceApplication           : No active profile set, falling back to default profiles: default
2019-01-10 00:32:49.667  INFO 58052 --- [restartedMain] o.s.cloud.context.scope.GenericScope     : BeanFactory id=ce6f258c-14b8-3419-8376-a2a54a72ae61
2019-01-10 00:32:49.686  INFO 58052 --- [restartedMain] trationDelegate$BeanPostProcessorChecker : Bean 'org.springframework.cloud.autoconfigure.ConfigurationPropertiesRebinderAutoConfiguration' of type [org.springframework.cloud.autoconfigure.ConfigurationPropertiesRebinderAutoConfiguration$$EnhancerBySpringCGLIB$$d5c60499] is not eligible for getting processed by all BeanPostProcessors (for example: not eligible for auto-proxying)
2019-01-10 00:32:50.010  INFO 58052 --- [restartedMain] o.s.b.w.embedded.tomcat.TomcatWebServer  : Tomcat initialized with port(s): 8888 (http)
2019-01-10 00:32:50.038  INFO 58052 --- [restartedMain] o.apache.catalina.core.StandardService   : Starting service [Tomcat]
2019-01-10 00:32:50.038  INFO 58052 --- [restartedMain] org.apache.catalina.core.StandardEngine  : Starting Servlet Engine: Apache Tomcat/9.0.13
2019-01-10 00:32:50.045  INFO 58052 --- [restartedMain] o.a.catalina.core.AprLifecycleListener   : The APR based Apache Tomcat Native library which allows optimal performance in production environments was not found on the java.library.path: [/Users/serhii/Library/Java/Extensions:/Library/Java/Extensions:/Network/Library/Java/Extensions:/System/Library/Java/Extensions:/usr/lib/java:.]
2019-01-10 00:32:50.119  INFO 58052 --- [restartedMain] o.a.c.c.C.[Tomcat].[localhost].[/]       : Initializing Spring embedded WebApplicationContext
2019-01-10 00:32:50.842  INFO 58052 --- [restartedMain] o.s.s.concurrent.ThreadPoolTaskExecutor  : Initializing ExecutorService 'applicationTaskExecutor'
2019-01-10 00:32:51.041  INFO 58052 --- [restartedMain] o.s.b.d.a.OptionalLiveReloadServer       : LiveReload server is running on port 35729
2019-01-10 00:32:51.101  INFO 58052 --- [restartedMain] o.s.b.a.e.web.EndpointLinksResolver      : Exposing 2 endpoint(s) beneath base path '/actuator'
2019-01-10 00:32:51.195  INFO 58052 --- [restartedMain] o.s.b.w.embedded.tomcat.TomcatWebServer  : Tomcat started on port(s): 8888 (http) with context path ''
2019-01-10 00:32:51.198  INFO 58052 --- [restartedMain] c.s.c.ConfigserviceApplication           : Started ConfigserviceApplication in 3.224 seconds (JVM running for 4.082)
2019-01-10 00:32:51.250  INFO 58052 --- [RMI TCP Connection(4)-127.0.0.1] o.a.c.c.C.[Tomcat].[localhost].[/]       : Initializing Spring DispatcherServlet 'dispatcherServlet'
2019-01-10 00:32:53.166  INFO 58052 --- [RMI TCP Connection(7)-127.0.0.1] .e.DevToolsPropertyDefaultsPostProcessor : Devtools property defaults active! Set 'spring.devtools.add-properties' to 'false' to disable
2019-01-10 00:32:56.647  INFO 58052 --- [http-nio-8888-exec-1] .e.DevToolsPropertyDefaultsPostProcessor : Devtools property defaults active! Set 'spring.devtools.add-properties' to 'false' to disable
2019-01-10 00:33:04.015  INFO 58052 --- [http-nio-8888-exec-2] .e.DevToolsPropertyDefaultsPostProcessor : Devtools property defaults active! Set 'spring.devtools.add-properties' to 'false' to disable
2019-01-10 00:33:09.159  INFO 58052 --- [http-nio-8888-exec-4] .e.DevToolsPropertyDefaultsPostProcessor : Devtools property defaults active! Set 'spring.devtools.add-properties' to 'false' to disable
2019-01-10 00:33:12.102  INFO 58052 --- [http-nio-8888-exec-5] .e.DevToolsPropertyDefaultsPostProcessor : Devtools property defaults active! Set 'spring.devtools.add-properties' to 'false' to disable
2019-01-10 00:33:42.437  INFO 58052 --- [Thread-21] o.s.s.concurrent.ThreadPoolTaskExecutor  : Shutting down ExecutorService 'applicationTaskExecutor'
2019-01-10 00:34:24.225  INFO 58072 --- [restartedMain] c.s.c.ConfigserviceApplication           : No active profile set, falling back to default profiles: default
2019-01-10 00:34:24.993  INFO 58072 --- [restartedMain] o.s.cloud.context.scope.GenericScope     : BeanFactory id=ce6f258c-14b8-3419-8376-a2a54a72ae61
2019-01-10 00:34:25.010  INFO 58072 --- [restartedMain] trationDelegate$BeanPostProcessorChecker : Bean 'org.springframework.cloud.autoconfigure.ConfigurationPropertiesRebinderAutoConfiguration' of type [org.springframework.cloud.autoconfigure.ConfigurationPropertiesRebinderAutoConfiguration$$EnhancerBySpringCGLIB$$5cacab05] is not eligible for getting processed by all BeanPostProcessors (for example: not eligible for auto-proxying)
2019-01-10 00:34:25.332  INFO 58072 --- [restartedMain] o.s.b.w.embedded.tomcat.TomcatWebServer  : Tomcat initialized with port(s): 8888 (http)
2019-01-10 00:34:25.347  INFO 58072 --- [restartedMain] o.apache.catalina.core.StandardService   : Starting service [Tomcat]
2019-01-10 00:34:25.348  INFO 58072 --- [restartedMain] org.apache.catalina.core.StandardEngine  : Starting Servlet Engine: Apache Tomcat/9.0.13
2019-01-10 00:34:25.353  INFO 58072 --- [restartedMain] o.a.catalina.core.AprLifecycleListener   : The APR based Apache Tomcat Native library which allows optimal performance in production environments was not found on the java.library.path: [/Users/serhii/Library/Java/Extensions:/Library/Java/Extensions:/Network/Library/Java/Extensions:/System/Library/Java/Extensions:/usr/lib/java:.]
2019-01-10 00:34:25.454  INFO 58072 --- [restartedMain] o.a.c.c.C.[Tomcat].[localhost].[/]       : Initializing Spring embedded WebApplicationContext
2019-01-10 00:34:26.189  INFO 58072 --- [restartedMain] o.s.s.concurrent.ThreadPoolTaskExecutor  : Initializing ExecutorService 'applicationTaskExecutor'
2019-01-10 00:34:26.400  INFO 58072 --- [restartedMain] o.s.b.d.a.OptionalLiveReloadServer       : LiveReload server is running on port 35729
2019-01-10 00:34:26.459  INFO 58072 --- [restartedMain] o.s.b.a.e.web.EndpointLinksResolver      : Exposing 2 endpoint(s) beneath base path '/actuator'
2019-01-10 00:34:26.551  INFO 58072 --- [restartedMain] o.s.b.w.embedded.tomcat.TomcatWebServer  : Tomcat started on port(s): 8888 (http) with context path ''
2019-01-10 00:34:26.553  INFO 58072 --- [restartedMain] c.s.c.ConfigserviceApplication           : Started ConfigserviceApplication in 3.235 seconds (JVM running for 3.953)
2019-01-10 00:34:26.788  INFO 58072 --- [RMI TCP Connection(4)-127.0.0.1] o.a.c.c.C.[Tomcat].[localhost].[/]       : Initializing Spring DispatcherServlet 'dispatcherServlet'
2019-01-10 00:34:28.945  INFO 58072 --- [RMI TCP Connection(6)-127.0.0.1] .e.DevToolsPropertyDefaultsPostProcessor : Devtools property defaults active! Set 'spring.devtools.add-properties' to 'false' to disable
2019-01-10 00:34:32.400  INFO 58072 --- [http-nio-8888-exec-1] .e.DevToolsPropertyDefaultsPostProcessor : Devtools property defaults active! Set 'spring.devtools.add-properties' to 'false' to disable
2019-01-10 00:34:41.191  INFO 58072 --- [http-nio-8888-exec-3] .e.DevToolsPropertyDefaultsPostProcessor : Devtools property defaults active! Set 'spring.devtools.add-properties' to 'false' to disable
2019-01-10 00:34:47.653  INFO 58072 --- [http-nio-8888-exec-5] .e.DevToolsPropertyDefaultsPostProcessor : Devtools property defaults active! Set 'spring.devtools.add-properties' to 'false' to disable
2019-01-10 00:34:51.849  INFO 58072 --- [http-nio-8888-exec-6] .e.DevToolsPropertyDefaultsPostProcessor : Devtools property defaults active! Set 'spring.devtools.add-properties' to 'false' to disable
2019-01-10 00:34:54.943  INFO 58072 --- [http-nio-8888-exec-7] .e.DevToolsPropertyDefaultsPostProcessor : Devtools property defaults active! Set 'spring.devtools.add-properties' to 'false' to disable
2019-01-10 00:34:54.949  INFO 58072 --- [http-nio-8888-exec-7] o.s.c.c.s.e.NativeEnvironmentRepository  : Adding property source: file:/var/folders/hf/kcy8xkw11_lg76v2_8q41rr00000gn/T/config-repo-3728113383097450556/java/spring-liquibase-okr/eureka-service/eurekaservice.yml
2019-01-10 00:35:50.422  INFO 58072 --- [http-nio-8888-exec-10] .e.DevToolsPropertyDefaultsPostProcessor : Devtools property defaults active! Set 'spring.devtools.add-properties' to 'false' to disable
2019-01-10 00:35:53.082  INFO 58072 --- [http-nio-8888-exec-1] .e.DevToolsPropertyDefaultsPostProcessor : Devtools property defaults active! Set 'spring.devtools.add-properties' to 'false' to disable
2019-01-10 00:37:07.297  INFO 58072 --- [Thread-22] o.s.s.concurrent.ThreadPoolTaskExecutor  : Shutting down ExecutorService 'applicationTaskExecutor'
2019-01-10 00:37:10.944  INFO 58151 --- [restartedMain] c.s.c.ConfigserviceApplication           : No active profile set, falling back to default profiles: default
2019-01-10 00:37:11.608  INFO 58151 --- [restartedMain] o.s.cloud.context.scope.GenericScope     : BeanFactory id=ce6f258c-14b8-3419-8376-a2a54a72ae61
2019-01-10 00:37:11.626  INFO 58151 --- [restartedMain] trationDelegate$BeanPostProcessorChecker : Bean 'org.springframework.cloud.autoconfigure.ConfigurationPropertiesRebinderAutoConfiguration' of type [org.springframework.cloud.autoconfigure.ConfigurationPropertiesRebinderAutoConfiguration$$EnhancerBySpringCGLIB$$851ed70] is not eligible for getting processed by all BeanPostProcessors (for example: not eligible for auto-proxying)
2019-01-10 00:37:11.935  INFO 58151 --- [restartedMain] o.s.b.w.embedded.tomcat.TomcatWebServer  : Tomcat initialized with port(s): 8888 (http)
2019-01-10 00:37:11.950  INFO 58151 --- [restartedMain] o.apache.catalina.core.StandardService   : Starting service [Tomcat]
2019-01-10 00:37:11.950  INFO 58151 --- [restartedMain] org.apache.catalina.core.StandardEngine  : Starting Servlet Engine: Apache Tomcat/9.0.13
2019-01-10 00:37:11.955  INFO 58151 --- [restartedMain] o.a.catalina.core.AprLifecycleListener   : The APR based Apache Tomcat Native library which allows optimal performance in production environments was not found on the java.library.path: [/Users/serhii/Library/Java/Extensions:/Library/Java/Extensions:/Network/Library/Java/Extensions:/System/Library/Java/Extensions:/usr/lib/java:.]
2019-01-10 00:37:12.029  INFO 58151 --- [restartedMain] o.a.c.c.C.[Tomcat].[localhost].[/]       : Initializing Spring embedded WebApplicationContext
2019-01-10 00:37:12.793  INFO 58151 --- [restartedMain] o.s.s.concurrent.ThreadPoolTaskExecutor  : Initializing ExecutorService 'applicationTaskExecutor'
2019-01-10 00:37:12.990  INFO 58151 --- [restartedMain] o.s.b.d.a.OptionalLiveReloadServer       : LiveReload server is running on port 35729
2019-01-10 00:37:13.058  INFO 58151 --- [restartedMain] o.s.b.a.e.web.EndpointLinksResolver      : Exposing 2 endpoint(s) beneath base path '/actuator'
2019-01-10 00:37:13.148  INFO 58151 --- [restartedMain] o.s.b.w.embedded.tomcat.TomcatWebServer  : Tomcat started on port(s): 8888 (http) with context path ''
2019-01-10 00:37:13.151  INFO 58151 --- [restartedMain] c.s.c.ConfigserviceApplication           : Started ConfigserviceApplication in 3.055 seconds (JVM running for 3.908)
2019-01-10 00:37:13.397  INFO 58151 --- [RMI TCP Connection(5)-127.0.0.1] o.a.c.c.C.[Tomcat].[localhost].[/]       : Initializing Spring DispatcherServlet 'dispatcherServlet'
2019-01-10 00:37:15.387  INFO 58151 --- [RMI TCP Connection(2)-127.0.0.1] .e.DevToolsPropertyDefaultsPostProcessor : Devtools property defaults active! Set 'spring.devtools.add-properties' to 'false' to disable
2019-01-10 00:37:26.176  INFO 58151 --- [http-nio-8888-exec-1] .e.DevToolsPropertyDefaultsPostProcessor : Devtools property defaults active! Set 'spring.devtools.add-properties' to 'false' to disable
2019-01-10 00:37:26.209  INFO 58151 --- [http-nio-8888-exec-1] o.s.c.c.s.e.NativeEnvironmentRepository  : Adding property source: file:/var/folders/hf/kcy8xkw11_lg76v2_8q41rr00000gn/T/config-repo-6985275528853859966/java/spring-liquibase-okr/detail-service/detail-service.yml
2019-01-10 00:37:32.308  INFO 58151 --- [http-nio-8888-exec-2] .e.DevToolsPropertyDefaultsPostProcessor : Devtools property defaults active! Set 'spring.devtools.add-properties' to 'false' to disable
2019-01-10 00:37:32.316  INFO 58151 --- [http-nio-8888-exec-2] o.s.c.c.s.e.NativeEnvironmentRepository  : Adding property source: file:/var/folders/hf/kcy8xkw11_lg76v2_8q41rr00000gn/T/config-repo-6985275528853859966/java/spring-liquibase-okr/detail-service/detail-service.yml
2019-01-10 00:37:40.708  INFO 58151 --- [http-nio-8888-exec-3] .e.DevToolsPropertyDefaultsPostProcessor : Devtools property defaults active! Set 'spring.devtools.add-properties' to 'false' to disable
2019-01-10 00:37:40.716  INFO 58151 --- [http-nio-8888-exec-3] o.s.c.c.s.e.NativeEnvironmentRepository  : Adding property source: file:/var/folders/hf/kcy8xkw11_lg76v2_8q41rr00000gn/T/config-repo-6985275528853859966/java/spring-liquibase-okr/eureka-service/eureka-service.yml
2019-01-10 00:37:44.699  INFO 58151 --- [http-nio-8888-exec-4] .e.DevToolsPropertyDefaultsPostProcessor : Devtools property defaults active! Set 'spring.devtools.add-properties' to 'false' to disable
2019-01-10 00:37:44.706  INFO 58151 --- [http-nio-8888-exec-4] o.s.c.c.s.e.NativeEnvironmentRepository  : Adding property source: file:/var/folders/hf/kcy8xkw11_lg76v2_8q41rr00000gn/T/config-repo-6985275528853859966/java/spring-liquibase-okr/eureka-service/eureka-service.yml
2019-01-10 00:37:54.223  INFO 58151 --- [http-nio-8888-exec-6] .e.DevToolsPropertyDefaultsPostProcessor : Devtools property defaults active! Set 'spring.devtools.add-properties' to 'false' to disable
2019-01-10 00:37:54.231  INFO 58151 --- [http-nio-8888-exec-6] o.s.c.c.s.e.NativeEnvironmentRepository  : Adding property source: file:/var/folders/hf/kcy8xkw11_lg76v2_8q41rr00000gn/T/config-repo-6985275528853859966/java/spring-liquibase-okr/authorization-service/authorization-service.yml
2019-01-10 00:38:03.951  INFO 58151 --- [http-nio-8888-exec-8] .e.DevToolsPropertyDefaultsPostProcessor : Devtools property defaults active! Set 'spring.devtools.add-properties' to 'false' to disable
2019-01-10 00:38:03.959  INFO 58151 --- [http-nio-8888-exec-8] o.s.c.c.s.e.NativeEnvironmentRepository  : Adding property source: file:/var/folders/hf/kcy8xkw11_lg76v2_8q41rr00000gn/T/config-repo-6985275528853859966/java/spring-liquibase-okr/greeting-service/greeting-service.yml
2019-01-10 00:38:07.643  INFO 58151 --- [http-nio-8888-exec-9] .e.DevToolsPropertyDefaultsPostProcessor : Devtools property defaults active! Set 'spring.devtools.add-properties' to 'false' to disable
2019-01-10 00:38:07.656  INFO 58151 --- [http-nio-8888-exec-9] o.s.c.c.s.e.NativeEnvironmentRepository  : Adding property source: file:/var/folders/hf/kcy8xkw11_lg76v2_8q41rr00000gn/T/config-repo-6985275528853859966/java/spring-liquibase-okr/authorization-service/authorization-service.yml
2019-01-10 00:38:12.775  INFO 58151 --- [http-nio-8888-exec-1] .e.DevToolsPropertyDefaultsPostProcessor : Devtools property defaults active! Set 'spring.devtools.add-properties' to 'false' to disable
2019-01-10 00:38:12.792  INFO 58151 --- [http-nio-8888-exec-1] o.s.c.c.s.e.NativeEnvironmentRepository  : Adding property source: file:/var/folders/hf/kcy8xkw11_lg76v2_8q41rr00000gn/T/config-repo-6985275528853859966/java/spring-liquibase-okr/detail-service/detail-service.yml
2019-01-10 00:38:19.087  INFO 58151 --- [http-nio-8888-exec-3] .e.DevToolsPropertyDefaultsPostProcessor : Devtools property defaults active! Set 'spring.devtools.add-properties' to 'false' to disable
2019-01-10 00:38:19.136  INFO 58151 --- [http-nio-8888-exec-3] o.s.c.c.s.e.NativeEnvironmentRepository  : Adding property source: file:/var/folders/hf/kcy8xkw11_lg76v2_8q41rr00000gn/T/config-repo-6985275528853859966/java/spring-liquibase-okr/zipkin-service/zipkin-service.yml
2019-01-10 00:38:20.482  INFO 58151 --- [http-nio-8888-exec-4] .e.DevToolsPropertyDefaultsPostProcessor : Devtools property defaults active! Set 'spring.devtools.add-properties' to 'false' to disable
2019-01-10 00:38:20.501  INFO 58151 --- [http-nio-8888-exec-4] o.s.c.c.s.e.NativeEnvironmentRepository  : Adding property source: file:/var/folders/hf/kcy8xkw11_lg76v2_8q41rr00000gn/T/config-repo-6985275528853859966/java/spring-liquibase-okr/greeting-service/greeting-service.yml
2019-01-10 00:38:26.102  INFO 58151 --- [http-nio-8888-exec-6] .e.DevToolsPropertyDefaultsPostProcessor : Devtools property defaults active! Set 'spring.devtools.add-properties' to 'false' to disable
2019-01-10 00:38:26.126  INFO 58151 --- [http-nio-8888-exec-6] o.s.c.c.s.e.NativeEnvironmentRepository  : Adding property source: file:/var/folders/hf/kcy8xkw11_lg76v2_8q41rr00000gn/T/config-repo-6985275528853859966/java/spring-liquibase-okr/detail-service/detail-service.yml
2019-01-10 00:38:27.815  INFO 58151 --- [http-nio-8888-exec-9] .e.DevToolsPropertyDefaultsPostProcessor : Devtools property defaults active! Set 'spring.devtools.add-properties' to 'false' to disable
2019-01-10 00:38:27.823  INFO 58151 --- [http-nio-8888-exec-9] o.s.c.c.s.e.NativeEnvironmentRepository  : Adding property source: file:/var/folders/hf/kcy8xkw11_lg76v2_8q41rr00000gn/T/config-repo-6985275528853859966/java/spring-liquibase-okr/zipkin-service/zipkin-service.yml
2019-01-10 00:38:28.331  INFO 58151 --- [http-nio-8888-exec-2] .e.DevToolsPropertyDefaultsPostProcessor : Devtools property defaults active! Set 'spring.devtools.add-properties' to 'false' to disable
2019-01-10 00:38:28.346  INFO 58151 --- [http-nio-8888-exec-2] o.s.c.c.s.e.NativeEnvironmentRepository  : Adding property source: file:/var/folders/hf/kcy8xkw11_lg76v2_8q41rr00000gn/T/config-repo-6985275528853859966/java/spring-liquibase-okr/zipkin-service/zipkin-service.yml
2019-01-10 00:39:14.818  INFO 58151 --- [http-nio-8888-exec-5] .e.DevToolsPropertyDefaultsPostProcessor : Devtools property defaults active! Set 'spring.devtools.add-properties' to 'false' to disable
2019-01-10 00:39:14.830  INFO 58151 --- [http-nio-8888-exec-5] o.s.c.c.s.e.NativeEnvironmentRepository  : Adding property source: file:/var/folders/hf/kcy8xkw11_lg76v2_8q41rr00000gn/T/config-repo-6985275528853859966/java/spring-liquibase-okr/zuul-service/zuul-service.yml
2019-01-10 00:39:23.755  INFO 58151 --- [http-nio-8888-exec-6] .e.DevToolsPropertyDefaultsPostProcessor : Devtools property defaults active! Set 'spring.devtools.add-properties' to 'false' to disable
2019-01-10 00:39:23.767  INFO 58151 --- [http-nio-8888-exec-6] o.s.c.c.s.e.NativeEnvironmentRepository  : Adding property source: file:/var/folders/hf/kcy8xkw11_lg76v2_8q41rr00000gn/T/config-repo-6985275528853859966/java/spring-liquibase-okr/zuul-service/zuul-service.yml
2019-01-10 00:41:42.628  INFO 58151 --- [Thread-21] o.s.s.concurrent.ThreadPoolTaskExecutor  : Shutting down ExecutorService 'applicationTaskExecutor'
