2019-01-08 01:30:57.329  INFO [authorization-service,,,] 21422 --- [restartedMain] c.s.a.AuthorizationserviceApplication    : No active profile set, falling back to default profiles: default
2019-01-08 01:30:58.159  INFO [authorization-service,,,] 21422 --- [restartedMain] .s.d.r.c.RepositoryConfigurationDelegate : Bootstrapping Spring Data repositories in DEFAULT mode.
2019-01-08 01:30:58.200  INFO [authorization-service,,,] 21422 --- [restartedMain] .s.d.r.c.RepositoryConfigurationDelegate : Finished Spring Data repository scanning in 37ms. Found 1 repository interfaces.
2019-01-08 01:30:58.305  WARN [authorization-service,,,] 21422 --- [restartedMain] o.s.boot.actuate.endpoint.EndpointId     : Endpoint ID 'service-registry' contains invalid characters, please migrate to a valid format.
2019-01-08 01:30:58.558  INFO [authorization-service,,,] 21422 --- [restartedMain] o.s.cloud.context.scope.GenericScope     : BeanFactory id=768b716f-f126-3e0c-91a2-ad409be803dd
2019-01-08 01:30:58.846  INFO [authorization-service,,,] 21422 --- [restartedMain] trationDelegate$BeanPostProcessorChecker : Bean 'org.springframework.transaction.annotation.ProxyTransactionManagementConfiguration' of type [org.springframework.transaction.annotation.ProxyTransactionManagementConfiguration$$EnhancerBySpringCGLIB$$5ed5a01d] is not eligible for getting processed by all BeanPostProcessors (for example: not eligible for auto-proxying)
2019-01-08 01:30:58.875  INFO [authorization-service,,,] 21422 --- [restartedMain] trationDelegate$BeanPostProcessorChecker : Bean 'org.springframework.cloud.autoconfigure.ConfigurationPropertiesRebinderAutoConfiguration' of type [org.springframework.cloud.autoconfigure.ConfigurationPropertiesRebinderAutoConfiguration$$EnhancerBySpringCGLIB$$7aefa31a] is not eligible for getting processed by all BeanPostProcessors (for example: not eligible for auto-proxying)
2019-01-08 01:30:58.881  INFO [authorization-service,,,] 21422 --- [restartedMain] trationDelegate$BeanPostProcessorChecker : Bean 'org.springframework.cloud.sleuth.instrument.web.client.TraceWebClientAutoConfiguration$TraceOAuthConfiguration' of type [org.springframework.cloud.sleuth.instrument.web.client.TraceWebClientAutoConfiguration$TraceOAuthConfiguration$$EnhancerBySpringCGLIB$$a3d2327c] is not eligible for getting processed by all BeanPostProcessors (for example: not eligible for auto-proxying)
2019-01-08 01:30:59.257  INFO [authorization-service,,,] 21422 --- [restartedMain] o.s.b.w.embedded.tomcat.TomcatWebServer  : Tomcat initialized with port(s): 8101 (http)
2019-01-08 01:30:59.272  INFO [authorization-service,,,] 21422 --- [restartedMain] o.apache.catalina.core.StandardService   : Starting service [Tomcat]
2019-01-08 01:30:59.273  INFO [authorization-service,,,] 21422 --- [restartedMain] org.apache.catalina.core.StandardEngine  : Starting Servlet Engine: Apache Tomcat/9.0.13
2019-01-08 01:30:59.278  INFO [authorization-service,,,] 21422 --- [restartedMain] o.a.catalina.core.AprLifecycleListener   : The APR based Apache Tomcat Native library which allows optimal performance in production environments was not found on the java.library.path: [/Users/serhii/Library/Java/Extensions:/Library/Java/Extensions:/Network/Library/Java/Extensions:/System/Library/Java/Extensions:/usr/lib/java:.]
2019-01-08 01:30:59.352  INFO [authorization-service,,,] 21422 --- [restartedMain] o.a.c.c.C.[Tomcat].[localhost].[/]       : Initializing Spring embedded WebApplicationContext
2019-01-08 01:30:59.488  WARN [authorization-service,,,] 21422 --- [restartedMain] c.n.c.sources.URLConfigurationSource     : No URLs will be polled as dynamic configuration sources.
2019-01-08 01:31:00.585  INFO [authorization-service,,,] 21422 --- [restartedMain] com.zaxxer.hikari.HikariDataSource       : HikariPool-1 - Starting...
2019-01-08 01:31:00.850  INFO [authorization-service,,,] 21422 --- [restartedMain] com.zaxxer.hikari.HikariDataSource       : HikariPool-1 - Start completed.
2019-01-08 01:31:01.184  INFO [authorization-service,,,] 21422 --- [restartedMain] liquibase.executor.jvm.JdbcExecutor      : SELECT COUNT(*) FROM authorizationdatabase.DATABASECHANGELOGLOCK
2019-01-08 01:31:01.211  INFO [authorization-service,,,] 21422 --- [restartedMain] liquibase.executor.jvm.JdbcExecutor      : CREATE TABLE authorizationdatabase.DATABASECHANGELOGLOCK (ID INT NOT NULL, `LOCKED` BIT(1) NOT NULL, LOCKGRANTED datetime NULL, LOCKEDBY VARCHAR(255) NULL, CONSTRAINT PK_DATABASECHANGELOGLOCK PRIMARY KEY (ID))
2019-01-08 01:31:01.247  INFO [authorization-service,,,] 21422 --- [restartedMain] liquibase.executor.jvm.JdbcExecutor      : SELECT COUNT(*) FROM authorizationdatabase.DATABASECHANGELOGLOCK
2019-01-08 01:31:01.254  INFO [authorization-service,,,] 21422 --- [restartedMain] liquibase.executor.jvm.JdbcExecutor      : DELETE FROM authorizationdatabase.DATABASECHANGELOGLOCK
2019-01-08 01:31:01.257  INFO [authorization-service,,,] 21422 --- [restartedMain] liquibase.executor.jvm.JdbcExecutor      : INSERT INTO authorizationdatabase.DATABASECHANGELOGLOCK (ID, `LOCKED`) VALUES (1, 0)
2019-01-08 01:31:01.267  INFO [authorization-service,,,] 21422 --- [restartedMain] liquibase.executor.jvm.JdbcExecutor      : SELECT `LOCKED` FROM authorizationdatabase.DATABASECHANGELOGLOCK WHERE ID=1
2019-01-08 01:31:01.279  INFO [authorization-service,,,] 21422 --- [restartedMain] l.lockservice.StandardLockService        : Successfully acquired change log lock
2019-01-08 01:31:01.804  INFO [authorization-service,,,] 21422 --- [restartedMain] l.c.StandardChangeLogHistoryService      : Creating database history table with name: authorizationdatabase.DATABASECHANGELOG
2019-01-08 01:31:01.805  INFO [authorization-service,,,] 21422 --- [restartedMain] liquibase.executor.jvm.JdbcExecutor      : CREATE TABLE authorizationdatabase.DATABASECHANGELOG (ID VARCHAR(255) NOT NULL, AUTHOR VARCHAR(255) NOT NULL, FILENAME VARCHAR(255) NOT NULL, DATEEXECUTED datetime NOT NULL, ORDEREXECUTED INT NOT NULL, EXECTYPE VARCHAR(10) NOT NULL, MD5SUM VARCHAR(35) NULL, `DESCRIPTION` VARCHAR(255) NULL, COMMENTS VARCHAR(255) NULL, TAG VARCHAR(255) NULL, LIQUIBASE VARCHAR(20) NULL, CONTEXTS VARCHAR(255) NULL, LABELS VARCHAR(255) NULL, DEPLOYMENT_ID VARCHAR(10) NULL)
2019-01-08 01:31:01.904  INFO [authorization-service,,,] 21422 --- [restartedMain] liquibase.executor.jvm.JdbcExecutor      : SELECT COUNT(*) FROM authorizationdatabase.DATABASECHANGELOG
2019-01-08 01:31:01.907  INFO [authorization-service,,,] 21422 --- [restartedMain] l.c.StandardChangeLogHistoryService      : Reading from authorizationdatabase.DATABASECHANGELOG
2019-01-08 01:31:01.908  INFO [authorization-service,,,] 21422 --- [restartedMain] liquibase.executor.jvm.JdbcExecutor      : SELECT * FROM authorizationdatabase.DATABASECHANGELOG ORDER BY DATEEXECUTED ASC, ORDEREXECUTED ASC
2019-01-08 01:31:01.910  INFO [authorization-service,,,] 21422 --- [restartedMain] liquibase.executor.jvm.JdbcExecutor      : SELECT COUNT(*) FROM authorizationdatabase.DATABASECHANGELOGLOCK
2019-01-08 01:31:01.920  INFO [authorization-service,,,] 21422 --- [restartedMain] l.lockservice.StandardLockService        : Successfully released change log lock
2019-01-08 01:31:02.034  INFO [authorization-service,,,] 21422 --- [restartedMain] o.hibernate.jpa.internal.util.LogHelper  : HHH000204: Processing PersistenceUnitInfo [
	name: default
	...]
2019-01-08 01:31:02.103  INFO [authorization-service,,,] 21422 --- [restartedMain] org.hibernate.Version                    : HHH000412: Hibernate Core {5.3.7.Final}
2019-01-08 01:31:02.105  INFO [authorization-service,,,] 21422 --- [restartedMain] org.hibernate.cfg.Environment            : HHH000206: hibernate.properties not found
2019-01-08 01:31:02.214  INFO [authorization-service,,,] 21422 --- [restartedMain] o.hibernate.annotations.common.Version   : HCANN000001: Hibernate Commons Annotations {5.0.4.Final}
2019-01-08 01:31:02.565  INFO [authorization-service,,,] 21422 --- [restartedMain] org.hibernate.dialect.Dialect            : HHH000400: Using dialect: org.hibernate.dialect.MySQL5InnoDBDialect
2019-01-08 01:31:03.044  INFO [authorization-service,,,] 21422 --- [restartedMain] j.LocalContainerEntityManagerFactoryBean : Initialized JPA EntityManagerFactory for persistence unit 'default'
2019-01-08 01:31:03.112  INFO [authorization-service,,,] 21422 --- [restartedMain] o.s.b.d.a.OptionalLiveReloadServer       : LiveReload server is running on port 35729
2019-01-08 01:31:03.540  WARN [authorization-service,,,] 21422 --- [restartedMain] o.s.s.o.p.t.s.JwtAccessTokenConverter    : Unable to create an RSA verifier from verifierKey (ignoreable if using MAC)
2019-01-08 01:31:04.058  WARN [authorization-service,,,] 21422 --- [restartedMain] c.n.c.sources.URLConfigurationSource     : No URLs will be polled as dynamic configuration sources.
2019-01-08 01:31:04.295  INFO [authorization-service,,,] 21422 --- [restartedMain] o.s.s.concurrent.ThreadPoolTaskExecutor  : Initializing ExecutorService 'applicationTaskExecutor'
2019-01-08 01:31:04.342  WARN [authorization-service,,,] 21422 --- [restartedMain] aWebConfiguration$JpaWebMvcConfiguration : spring.jpa.open-in-view is enabled by default. Therefore, database queries may be performed during view rendering. Explicitly configure spring.jpa.open-in-view to disable this warning
2019-01-08 01:31:04.946  INFO [authorization-service,,,] 21422 --- [restartedMain] o.s.s.web.DefaultSecurityFilterChain     : Creating filter chain: OrRequestMatcher [requestMatchers=[Ant [pattern='/oauth/token'], Ant [pattern='/oauth/token_key'], Ant [pattern='/oauth/check_token']]], [org.springframework.security.web.context.request.async.WebAsyncManagerIntegrationFilter@2329423d, org.springframework.security.web.context.SecurityContextPersistenceFilter@185bd706, org.springframework.security.web.header.HeaderWriterFilter@585c0416, org.springframework.security.web.authentication.logout.LogoutFilter@69d7da77, org.springframework.security.web.authentication.www.BasicAuthenticationFilter@7edc7a10, org.springframework.security.web.savedrequest.RequestCacheAwareFilter@7375ce04, org.springframework.security.web.servletapi.SecurityContextHolderAwareRequestFilter@3689ca8, org.springframework.security.web.authentication.AnonymousAuthenticationFilter@3f8f7c50, org.springframework.security.web.session.SessionManagementFilter@1e6c2b6c, org.springframework.security.web.access.ExceptionTranslationFilter@70a71e43, org.springframework.security.web.access.intercept.FilterSecurityInterceptor@6af2f065]
2019-01-08 01:31:04.961  INFO [authorization-service,,,] 21422 --- [restartedMain] o.s.s.web.DefaultSecurityFilterChain     : Creating filter chain: org.springframework.security.oauth2.config.annotation.web.configuration.ResourceServerConfiguration$NotOAuthRequestMatcher@5f4ae208, [org.springframework.security.web.context.request.async.WebAsyncManagerIntegrationFilter@19316d97, org.springframework.security.web.context.SecurityContextPersistenceFilter@72646dc8, org.springframework.security.web.header.HeaderWriterFilter@4d94cee3, org.springframework.security.web.authentication.logout.LogoutFilter@2f6d3056, org.springframework.security.oauth2.provider.authentication.OAuth2AuthenticationProcessingFilter@6cd5dfc1, org.springframework.security.web.savedrequest.RequestCacheAwareFilter@1942a3b6, org.springframework.security.web.servletapi.SecurityContextHolderAwareRequestFilter@724a95ab, org.springframework.security.web.authentication.AnonymousAuthenticationFilter@6e17dae8, org.springframework.security.web.session.SessionManagementFilter@72b5e9f5, org.springframework.security.web.access.ExceptionTranslationFilter@68e075bf, org.springframework.security.web.access.intercept.FilterSecurityInterceptor@1f91ca95]
2019-01-08 01:31:04.965  INFO [authorization-service,,,] 21422 --- [restartedMain] o.s.s.web.DefaultSecurityFilterChain     : Creating filter chain: any request, [org.springframework.security.web.context.request.async.WebAsyncManagerIntegrationFilter@4e2ee154, org.springframework.security.web.context.SecurityContextPersistenceFilter@51ebb277, org.springframework.security.web.header.HeaderWriterFilter@3ffb7f46, org.springframework.security.web.authentication.logout.LogoutFilter@425a8b62, org.springframework.security.web.savedrequest.RequestCacheAwareFilter@35105be1, org.springframework.security.web.servletapi.SecurityContextHolderAwareRequestFilter@5175134a, org.springframework.security.web.authentication.AnonymousAuthenticationFilter@79566423, org.springframework.security.web.session.SessionManagementFilter@78cd6e28, org.springframework.security.web.access.ExceptionTranslationFilter@2ab9c4d7]
2019-01-08 01:31:05.101  INFO [authorization-service,,,] 21422 --- [restartedMain] o.s.b.a.e.web.EndpointLinksResolver      : Exposing 2 endpoint(s) beneath base path '/actuator'
2019-01-08 01:31:05.553  INFO [authorization-service,,,] 21422 --- [restartedMain] o.s.c.n.eureka.InstanceInfoFactory       : Setting initial instance status as: STARTING
2019-01-08 01:31:06.052  INFO [authorization-service,,,] 21422 --- [restartedMain] o.s.c.n.e.s.EurekaServiceRegistry        : Registering application AUTHORIZATION-SERVICE with eureka with status UP
2019-01-08 01:31:06.117  INFO [authorization-service,,,] 21422 --- [restartedMain] o.s.b.w.embedded.tomcat.TomcatWebServer  : Tomcat started on port(s): 8101 (http) with context path ''
2019-01-08 01:31:06.118  INFO [authorization-service,,,] 21422 --- [restartedMain] .s.c.n.e.s.EurekaAutoServiceRegistration : Updating port to 8101
2019-01-08 01:31:06.121  INFO [authorization-service,,,] 21422 --- [restartedMain] c.s.a.AuthorizationserviceApplication    : Started AuthorizationserviceApplication in 9.795 seconds (JVM running for 11.404)
2019-01-08 01:31:06.646  INFO [authorization-service,,,] 21422 --- [RMI TCP Connection(6)-127.0.0.1] o.a.c.c.C.[Tomcat].[localhost].[/]       : Initializing Spring DispatcherServlet 'dispatcherServlet'
2019-01-08 01:32:11.075  INFO [authorization-service,0633809b0247baba,0633809b0247baba,true] 21422 --- [http-nio-8101-exec-2] o.h.h.i.QueryTranslatorFactoryInitiator  : HHH000397: Using ASTQueryTranslatorFactory
2019-01-08 01:32:11.157  WARN [authorization-service,0633809b0247baba,0633809b0247baba,true] 21422 --- [http-nio-8101-exec-2] c.s.a.security.UserSecurityService       : Username SerhiiOn not found
2019-01-08 01:32:11.477  WARN [authorization-service,0633809b0247baba,0633809b0247baba,true] 21422 --- [http-nio-8101-exec-2] o.s.s.o.provider.endpoint.TokenEndpoint  : Handling error: InvalidGrantException, Bad credentials
2019-01-08 01:32:11.515  WARN [authorization-service,0633809b0247baba,0633809b0247baba,true] 21422 --- [http-nio-8101-exec-2] .m.m.a.ExceptionHandlerExceptionResolver : Resolved [error="invalid_grant", error_description="Bad credentials"]
2019-01-08 01:36:02.681  INFO [authorization-service,,,] 21422 --- [Thread-35] o.s.c.n.e.s.EurekaServiceRegistry        : Unregistering application AUTHORIZATION-SERVICE with eureka with status DOWN
2019-01-08 01:36:02.681  WARN [authorization-service,,,] 21422 --- [Thread-35] com.netflix.discovery.DiscoveryClient    : Saw local status change event StatusChangeEvent [timestamp=1546904162681, current=DOWN, previous=UP]
2019-01-08 01:36:02.684  INFO [authorization-service,,,] 21422 --- [Thread-35] o.s.s.concurrent.ThreadPoolTaskExecutor  : Shutting down ExecutorService 'applicationTaskExecutor'
2019-01-08 01:36:02.686  INFO [authorization-service,,,] 21422 --- [Thread-35] j.LocalContainerEntityManagerFactoryBean : Closing JPA EntityManagerFactory for persistence unit 'default'
2019-01-08 01:36:05.724  INFO [authorization-service,,,] 21422 --- [Thread-35] com.zaxxer.hikari.HikariDataSource       : HikariPool-1 - Shutdown initiated...
2019-01-08 01:36:05.739  INFO [authorization-service,,,] 21422 --- [Thread-35] com.zaxxer.hikari.HikariDataSource       : HikariPool-1 - Shutdown completed.
2019-01-08 01:44:01.654  INFO [authorization-service,,,] 21622 --- [restartedMain] c.s.a.AuthorizationserviceApplication    : No active profile set, falling back to default profiles: default
2019-01-08 01:44:02.441  INFO [authorization-service,,,] 21622 --- [restartedMain] .s.d.r.c.RepositoryConfigurationDelegate : Bootstrapping Spring Data repositories in DEFAULT mode.
2019-01-08 01:44:02.485  INFO [authorization-service,,,] 21622 --- [restartedMain] .s.d.r.c.RepositoryConfigurationDelegate : Finished Spring Data repository scanning in 39ms. Found 1 repository interfaces.
2019-01-08 01:44:02.588  WARN [authorization-service,,,] 21622 --- [restartedMain] o.s.boot.actuate.endpoint.EndpointId     : Endpoint ID 'service-registry' contains invalid characters, please migrate to a valid format.
2019-01-08 01:44:02.826  INFO [authorization-service,,,] 21622 --- [restartedMain] o.s.cloud.context.scope.GenericScope     : BeanFactory id=ab2c2ef6-730f-3363-9884-afae9a77ea18
2019-01-08 01:44:03.105  INFO [authorization-service,,,] 21622 --- [restartedMain] trationDelegate$BeanPostProcessorChecker : Bean 'org.springframework.transaction.annotation.ProxyTransactionManagementConfiguration' of type [org.springframework.transaction.annotation.ProxyTransactionManagementConfiguration$$EnhancerBySpringCGLIB$$8387a772] is not eligible for getting processed by all BeanPostProcessors (for example: not eligible for auto-proxying)
2019-01-08 01:44:03.135  INFO [authorization-service,,,] 21622 --- [restartedMain] trationDelegate$BeanPostProcessorChecker : Bean 'org.springframework.cloud.autoconfigure.ConfigurationPropertiesRebinderAutoConfiguration' of type [org.springframework.cloud.autoconfigure.ConfigurationPropertiesRebinderAutoConfiguration$$EnhancerBySpringCGLIB$$9fa1aa6f] is not eligible for getting processed by all BeanPostProcessors (for example: not eligible for auto-proxying)
2019-01-08 01:44:03.141  INFO [authorization-service,,,] 21622 --- [restartedMain] trationDelegate$BeanPostProcessorChecker : Bean 'org.springframework.cloud.sleuth.instrument.web.client.TraceWebClientAutoConfiguration$TraceOAuthConfiguration' of type [org.springframework.cloud.sleuth.instrument.web.client.TraceWebClientAutoConfiguration$TraceOAuthConfiguration$$EnhancerBySpringCGLIB$$c88439d1] is not eligible for getting processed by all BeanPostProcessors (for example: not eligible for auto-proxying)
2019-01-08 01:44:03.519  INFO [authorization-service,,,] 21622 --- [restartedMain] o.s.b.w.embedded.tomcat.TomcatWebServer  : Tomcat initialized with port(s): 8101 (http)
2019-01-08 01:44:03.534  INFO [authorization-service,,,] 21622 --- [restartedMain] o.apache.catalina.core.StandardService   : Starting service [Tomcat]
2019-01-08 01:44:03.534  INFO [authorization-service,,,] 21622 --- [restartedMain] org.apache.catalina.core.StandardEngine  : Starting Servlet Engine: Apache Tomcat/9.0.13
2019-01-08 01:44:03.539  INFO [authorization-service,,,] 21622 --- [restartedMain] o.a.catalina.core.AprLifecycleListener   : The APR based Apache Tomcat Native library which allows optimal performance in production environments was not found on the java.library.path: [/Users/serhii/Library/Java/Extensions:/Library/Java/Extensions:/Network/Library/Java/Extensions:/System/Library/Java/Extensions:/usr/lib/java:.]
2019-01-08 01:44:03.609  INFO [authorization-service,,,] 21622 --- [restartedMain] o.a.c.c.C.[Tomcat].[localhost].[/]       : Initializing Spring embedded WebApplicationContext
2019-01-08 01:44:03.746  WARN [authorization-service,,,] 21622 --- [restartedMain] c.n.c.sources.URLConfigurationSource     : No URLs will be polled as dynamic configuration sources.
2019-01-08 01:44:04.832  INFO [authorization-service,,,] 21622 --- [restartedMain] com.zaxxer.hikari.HikariDataSource       : HikariPool-1 - Starting...
2019-01-08 01:44:05.107  INFO [authorization-service,,,] 21622 --- [restartedMain] com.zaxxer.hikari.HikariDataSource       : HikariPool-1 - Start completed.
2019-01-08 01:44:05.486  INFO [authorization-service,,,] 21622 --- [restartedMain] liquibase.executor.jvm.JdbcExecutor      : SELECT COUNT(*) FROM authorizationdatabase.DATABASECHANGELOGLOCK
2019-01-08 01:44:05.507  INFO [authorization-service,,,] 21622 --- [restartedMain] liquibase.executor.jvm.JdbcExecutor      : CREATE TABLE authorizationdatabase.DATABASECHANGELOGLOCK (ID INT NOT NULL, `LOCKED` BIT(1) NOT NULL, LOCKGRANTED datetime NULL, LOCKEDBY VARCHAR(255) NULL, CONSTRAINT PK_DATABASECHANGELOGLOCK PRIMARY KEY (ID))
2019-01-08 01:44:05.623  INFO [authorization-service,,,] 21622 --- [restartedMain] liquibase.executor.jvm.JdbcExecutor      : SELECT COUNT(*) FROM authorizationdatabase.DATABASECHANGELOGLOCK
2019-01-08 01:44:05.629  INFO [authorization-service,,,] 21622 --- [restartedMain] liquibase.executor.jvm.JdbcExecutor      : DELETE FROM authorizationdatabase.DATABASECHANGELOGLOCK
2019-01-08 01:44:05.632  INFO [authorization-service,,,] 21622 --- [restartedMain] liquibase.executor.jvm.JdbcExecutor      : INSERT INTO authorizationdatabase.DATABASECHANGELOGLOCK (ID, `LOCKED`) VALUES (1, 0)
2019-01-08 01:44:05.640  INFO [authorization-service,,,] 21622 --- [restartedMain] liquibase.executor.jvm.JdbcExecutor      : SELECT `LOCKED` FROM authorizationdatabase.DATABASECHANGELOGLOCK WHERE ID=1
2019-01-08 01:44:05.650  INFO [authorization-service,,,] 21622 --- [restartedMain] l.lockservice.StandardLockService        : Successfully acquired change log lock
2019-01-08 01:44:06.150  INFO [authorization-service,,,] 21622 --- [restartedMain] l.c.StandardChangeLogHistoryService      : Creating database history table with name: authorizationdatabase.DATABASECHANGELOG
2019-01-08 01:44:06.152  INFO [authorization-service,,,] 21622 --- [restartedMain] liquibase.executor.jvm.JdbcExecutor      : CREATE TABLE authorizationdatabase.DATABASECHANGELOG (ID VARCHAR(255) NOT NULL, AUTHOR VARCHAR(255) NOT NULL, FILENAME VARCHAR(255) NOT NULL, DATEEXECUTED datetime NOT NULL, ORDEREXECUTED INT NOT NULL, EXECTYPE VARCHAR(10) NOT NULL, MD5SUM VARCHAR(35) NULL, `DESCRIPTION` VARCHAR(255) NULL, COMMENTS VARCHAR(255) NULL, TAG VARCHAR(255) NULL, LIQUIBASE VARCHAR(20) NULL, CONTEXTS VARCHAR(255) NULL, LABELS VARCHAR(255) NULL, DEPLOYMENT_ID VARCHAR(10) NULL)
2019-01-08 01:44:06.178  INFO [authorization-service,,,] 21622 --- [restartedMain] liquibase.executor.jvm.JdbcExecutor      : SELECT COUNT(*) FROM authorizationdatabase.DATABASECHANGELOG
2019-01-08 01:44:06.180  INFO [authorization-service,,,] 21622 --- [restartedMain] l.c.StandardChangeLogHistoryService      : Reading from authorizationdatabase.DATABASECHANGELOG
2019-01-08 01:44:06.181  INFO [authorization-service,,,] 21622 --- [restartedMain] liquibase.executor.jvm.JdbcExecutor      : SELECT * FROM authorizationdatabase.DATABASECHANGELOG ORDER BY DATEEXECUTED ASC, ORDEREXECUTED ASC
2019-01-08 01:44:06.183  INFO [authorization-service,,,] 21622 --- [restartedMain] liquibase.executor.jvm.JdbcExecutor      : SELECT COUNT(*) FROM authorizationdatabase.DATABASECHANGELOGLOCK
2019-01-08 01:44:06.192  INFO [authorization-service,,,] 21622 --- [restartedMain] l.lockservice.StandardLockService        : Successfully released change log lock
2019-01-08 01:44:06.303  INFO [authorization-service,,,] 21622 --- [restartedMain] o.hibernate.jpa.internal.util.LogHelper  : HHH000204: Processing PersistenceUnitInfo [
	name: default
	...]
2019-01-08 01:44:06.341  INFO [authorization-service,,,] 21622 --- [restartedMain] org.hibernate.Version                    : HHH000412: Hibernate Core {5.3.7.Final}
2019-01-08 01:44:06.342  INFO [authorization-service,,,] 21622 --- [restartedMain] org.hibernate.cfg.Environment            : HHH000206: hibernate.properties not found
2019-01-08 01:44:06.463  INFO [authorization-service,,,] 21622 --- [restartedMain] o.hibernate.annotations.common.Version   : HCANN000001: Hibernate Commons Annotations {5.0.4.Final}
2019-01-08 01:44:06.751  INFO [authorization-service,,,] 21622 --- [restartedMain] org.hibernate.dialect.Dialect            : HHH000400: Using dialect: org.hibernate.dialect.MySQL5InnoDBDialect
2019-01-08 01:44:07.202  INFO [authorization-service,,,] 21622 --- [restartedMain] j.LocalContainerEntityManagerFactoryBean : Initialized JPA EntityManagerFactory for persistence unit 'default'
2019-01-08 01:44:07.269  INFO [authorization-service,,,] 21622 --- [restartedMain] o.s.b.d.a.OptionalLiveReloadServer       : LiveReload server is running on port 35729
2019-01-08 01:44:07.669  WARN [authorization-service,,,] 21622 --- [restartedMain] o.s.s.o.p.t.s.JwtAccessTokenConverter    : Unable to create an RSA verifier from verifierKey (ignoreable if using MAC)
2019-01-08 01:44:08.174  WARN [authorization-service,,,] 21622 --- [restartedMain] c.n.c.sources.URLConfigurationSource     : No URLs will be polled as dynamic configuration sources.
2019-01-08 01:44:08.412  INFO [authorization-service,,,] 21622 --- [restartedMain] o.s.s.concurrent.ThreadPoolTaskExecutor  : Initializing ExecutorService 'applicationTaskExecutor'
2019-01-08 01:44:08.463  WARN [authorization-service,,,] 21622 --- [restartedMain] aWebConfiguration$JpaWebMvcConfiguration : spring.jpa.open-in-view is enabled by default. Therefore, database queries may be performed during view rendering. Explicitly configure spring.jpa.open-in-view to disable this warning
2019-01-08 01:44:08.982  INFO [authorization-service,,,] 21622 --- [restartedMain] o.s.s.web.DefaultSecurityFilterChain     : Creating filter chain: OrRequestMatcher [requestMatchers=[Ant [pattern='/oauth/token'], Ant [pattern='/oauth/token_key'], Ant [pattern='/oauth/check_token']]], [org.springframework.security.web.context.request.async.WebAsyncManagerIntegrationFilter@6576bd5d, org.springframework.security.web.context.SecurityContextPersistenceFilter@6b524660, org.springframework.security.web.header.HeaderWriterFilter@11ecff8f, org.springframework.security.web.authentication.logout.LogoutFilter@1de1d4c9, org.springframework.security.web.authentication.www.BasicAuthenticationFilter@61c6c86f, org.springframework.security.web.savedrequest.RequestCacheAwareFilter@53a942a1, org.springframework.security.web.servletapi.SecurityContextHolderAwareRequestFilter@2748ba60, org.springframework.security.web.authentication.AnonymousAuthenticationFilter@1e790eeb, org.springframework.security.web.session.SessionManagementFilter@4d7b6ff0, org.springframework.security.web.access.ExceptionTranslationFilter@4d399bb6, org.springframework.security.web.access.intercept.FilterSecurityInterceptor@64445b13]
2019-01-08 01:44:08.995  INFO [authorization-service,,,] 21622 --- [restartedMain] o.s.s.web.DefaultSecurityFilterChain     : Creating filter chain: org.springframework.security.oauth2.config.annotation.web.configuration.ResourceServerConfiguration$NotOAuthRequestMatcher@2e9b0009, [org.springframework.security.web.context.request.async.WebAsyncManagerIntegrationFilter@22213ad3, org.springframework.security.web.context.SecurityContextPersistenceFilter@6d82f62e, org.springframework.security.web.header.HeaderWriterFilter@17df308a, org.springframework.security.web.authentication.logout.LogoutFilter@1d932e98, org.springframework.security.oauth2.provider.authentication.OAuth2AuthenticationProcessingFilter@562a5ec8, org.springframework.security.web.savedrequest.RequestCacheAwareFilter@e944c85, org.springframework.security.web.servletapi.SecurityContextHolderAwareRequestFilter@60a176bd, org.springframework.security.web.authentication.AnonymousAuthenticationFilter@5931a88a, org.springframework.security.web.session.SessionManagementFilter@4f164b2a, org.springframework.security.web.access.ExceptionTranslationFilter@5b271a49, org.springframework.security.web.access.intercept.FilterSecurityInterceptor@1c66e235]
2019-01-08 01:44:08.999  INFO [authorization-service,,,] 21622 --- [restartedMain] o.s.s.web.DefaultSecurityFilterChain     : Creating filter chain: any request, [org.springframework.security.web.context.request.async.WebAsyncManagerIntegrationFilter@b8f52ae, org.springframework.security.web.context.SecurityContextPersistenceFilter@1ee0e279, org.springframework.security.web.header.HeaderWriterFilter@2c42a2f2, org.springframework.security.web.authentication.logout.LogoutFilter@12e589a1, org.springframework.security.web.savedrequest.RequestCacheAwareFilter@78c8ba76, org.springframework.security.web.servletapi.SecurityContextHolderAwareRequestFilter@4124c2af, org.springframework.security.web.authentication.AnonymousAuthenticationFilter@362952a3, org.springframework.security.web.session.SessionManagementFilter@3bdd09fb, org.springframework.security.web.access.ExceptionTranslationFilter@63e0b5d6]
2019-01-08 01:44:09.105  INFO [authorization-service,,,] 21622 --- [restartedMain] o.s.b.a.e.web.EndpointLinksResolver      : Exposing 2 endpoint(s) beneath base path '/actuator'
2019-01-08 01:44:09.567  INFO [authorization-service,,,] 21622 --- [restartedMain] o.s.c.n.eureka.InstanceInfoFactory       : Setting initial instance status as: STARTING
2019-01-08 01:44:10.059  INFO [authorization-service,,,] 21622 --- [restartedMain] o.s.c.n.e.s.EurekaServiceRegistry        : Registering application AUTHORIZATION-SERVICE with eureka with status UP
2019-01-08 01:44:10.124  INFO [authorization-service,,,] 21622 --- [restartedMain] o.s.b.w.embedded.tomcat.TomcatWebServer  : Tomcat started on port(s): 8101 (http) with context path ''
2019-01-08 01:44:10.125  INFO [authorization-service,,,] 21622 --- [restartedMain] .s.c.n.e.s.EurekaAutoServiceRegistration : Updating port to 8101
2019-01-08 01:44:10.128  INFO [authorization-service,,,] 21622 --- [restartedMain] c.s.a.AuthorizationserviceApplication    : Started AuthorizationserviceApplication in 9.521 seconds (JVM running for 10.418)
2019-01-08 01:44:10.154  INFO [authorization-service,,,] 21622 --- [restartedMain] o.h.h.i.QueryTranslatorFactoryInitiator  : HHH000397: Using ASTQueryTranslatorFactory
2019-01-08 01:44:10.954  INFO [authorization-service,,,] 21622 --- [RMI TCP Connection(4)-127.0.0.1] o.a.c.c.C.[Tomcat].[localhost].[/]       : Initializing Spring DispatcherServlet 'dispatcherServlet'
2019-01-08 01:44:28.072  WARN [authorization-service,c7e7658c172f0da6,c7e7658c172f0da6,true] 21622 --- [http-nio-8101-exec-2] o.s.s.o.provider.endpoint.TokenEndpoint  : Handling error: InvalidGrantException, User account is locked
2019-01-08 01:44:28.101  WARN [authorization-service,c7e7658c172f0da6,c7e7658c172f0da6,true] 21622 --- [http-nio-8101-exec-2] .m.m.a.ExceptionHandlerExceptionResolver : Resolved [error="invalid_grant", error_description="User account is locked"]
2019-01-08 01:45:11.968  INFO [authorization-service,,,] 21622 --- [Thread-33] o.s.c.n.e.s.EurekaServiceRegistry        : Unregistering application AUTHORIZATION-SERVICE with eureka with status DOWN
2019-01-08 01:45:11.968  WARN [authorization-service,,,] 21622 --- [Thread-33] com.netflix.discovery.DiscoveryClient    : Saw local status change event StatusChangeEvent [timestamp=1546904711968, current=DOWN, previous=UP]
2019-01-08 01:45:11.972  INFO [authorization-service,,,] 21622 --- [Thread-33] o.s.s.concurrent.ThreadPoolTaskExecutor  : Shutting down ExecutorService 'applicationTaskExecutor'
2019-01-08 01:45:11.974  INFO [authorization-service,,,] 21622 --- [Thread-33] j.LocalContainerEntityManagerFactoryBean : Closing JPA EntityManagerFactory for persistence unit 'default'
2019-01-08 01:45:15.398  INFO [authorization-service,,,] 21622 --- [Thread-33] com.zaxxer.hikari.HikariDataSource       : HikariPool-1 - Shutdown initiated...
2019-01-08 01:45:15.409  INFO [authorization-service,,,] 21622 --- [Thread-33] com.zaxxer.hikari.HikariDataSource       : HikariPool-1 - Shutdown completed.
2019-01-08 01:45:20.653  INFO [authorization-service,,,] 21637 --- [restartedMain] c.s.a.AuthorizationserviceApplication    : No active profile set, falling back to default profiles: default
2019-01-08 01:45:21.773  INFO [authorization-service,,,] 21637 --- [restartedMain] .s.d.r.c.RepositoryConfigurationDelegate : Bootstrapping Spring Data repositories in DEFAULT mode.
2019-01-08 01:45:21.839  INFO [authorization-service,,,] 21637 --- [restartedMain] .s.d.r.c.RepositoryConfigurationDelegate : Finished Spring Data repository scanning in 49ms. Found 1 repository interfaces.
2019-01-08 01:45:21.952  WARN [authorization-service,,,] 21637 --- [restartedMain] o.s.boot.actuate.endpoint.EndpointId     : Endpoint ID 'service-registry' contains invalid characters, please migrate to a valid format.
2019-01-08 01:45:22.214  INFO [authorization-service,,,] 21637 --- [restartedMain] o.s.cloud.context.scope.GenericScope     : BeanFactory id=ab2c2ef6-730f-3363-9884-afae9a77ea18
2019-01-08 01:45:22.643  INFO [authorization-service,,,] 21637 --- [restartedMain] trationDelegate$BeanPostProcessorChecker : Bean 'org.springframework.transaction.annotation.ProxyTransactionManagementConfiguration' of type [org.springframework.transaction.annotation.ProxyTransactionManagementConfiguration$$EnhancerBySpringCGLIB$$13fb5b06] is not eligible for getting processed by all BeanPostProcessors (for example: not eligible for auto-proxying)
2019-01-08 01:45:22.678  INFO [authorization-service,,,] 21637 --- [restartedMain] trationDelegate$BeanPostProcessorChecker : Bean 'org.springframework.cloud.autoconfigure.ConfigurationPropertiesRebinderAutoConfiguration' of type [org.springframework.cloud.autoconfigure.ConfigurationPropertiesRebinderAutoConfiguration$$EnhancerBySpringCGLIB$$30155e03] is not eligible for getting processed by all BeanPostProcessors (for example: not eligible for auto-proxying)
2019-01-08 01:45:22.684  INFO [authorization-service,,,] 21637 --- [restartedMain] trationDelegate$BeanPostProcessorChecker : Bean 'org.springframework.cloud.sleuth.instrument.web.client.TraceWebClientAutoConfiguration$TraceOAuthConfiguration' of type [org.springframework.cloud.sleuth.instrument.web.client.TraceWebClientAutoConfiguration$TraceOAuthConfiguration$$EnhancerBySpringCGLIB$$58f7ed65] is not eligible for getting processed by all BeanPostProcessors (for example: not eligible for auto-proxying)
2019-01-08 01:45:23.070  INFO [authorization-service,,,] 21637 --- [restartedMain] o.s.b.w.embedded.tomcat.TomcatWebServer  : Tomcat initialized with port(s): 8101 (http)
2019-01-08 01:45:23.086  INFO [authorization-service,,,] 21637 --- [restartedMain] o.apache.catalina.core.StandardService   : Starting service [Tomcat]
2019-01-08 01:45:23.086  INFO [authorization-service,,,] 21637 --- [restartedMain] org.apache.catalina.core.StandardEngine  : Starting Servlet Engine: Apache Tomcat/9.0.13
2019-01-08 01:45:23.090  INFO [authorization-service,,,] 21637 --- [restartedMain] o.a.catalina.core.AprLifecycleListener   : The APR based Apache Tomcat Native library which allows optimal performance in production environments was not found on the java.library.path: [/Users/serhii/Library/Java/Extensions:/Library/Java/Extensions:/Network/Library/Java/Extensions:/System/Library/Java/Extensions:/usr/lib/java:.]
2019-01-08 01:45:23.163  INFO [authorization-service,,,] 21637 --- [restartedMain] o.a.c.c.C.[Tomcat].[localhost].[/]       : Initializing Spring embedded WebApplicationContext
2019-01-08 01:45:23.370  WARN [authorization-service,,,] 21637 --- [restartedMain] c.n.c.sources.URLConfigurationSource     : No URLs will be polled as dynamic configuration sources.
2019-01-08 01:45:24.605  INFO [authorization-service,,,] 21637 --- [restartedMain] com.zaxxer.hikari.HikariDataSource       : HikariPool-1 - Starting...
2019-01-08 01:45:24.939  INFO [authorization-service,,,] 21637 --- [restartedMain] com.zaxxer.hikari.HikariDataSource       : HikariPool-1 - Start completed.
2019-01-08 01:45:25.307  INFO [authorization-service,,,] 21637 --- [restartedMain] liquibase.executor.jvm.JdbcExecutor      : SELECT COUNT(*) FROM authorizationdatabase.DATABASECHANGELOGLOCK
2019-01-08 01:45:25.371  INFO [authorization-service,,,] 21637 --- [restartedMain] liquibase.executor.jvm.JdbcExecutor      : CREATE TABLE authorizationdatabase.DATABASECHANGELOGLOCK (ID INT NOT NULL, `LOCKED` BIT(1) NOT NULL, LOCKGRANTED datetime NULL, LOCKEDBY VARCHAR(255) NULL, CONSTRAINT PK_DATABASECHANGELOGLOCK PRIMARY KEY (ID))
2019-01-08 01:45:25.443  INFO [authorization-service,,,] 21637 --- [restartedMain] liquibase.executor.jvm.JdbcExecutor      : SELECT COUNT(*) FROM authorizationdatabase.DATABASECHANGELOGLOCK
2019-01-08 01:45:25.450  INFO [authorization-service,,,] 21637 --- [restartedMain] liquibase.executor.jvm.JdbcExecutor      : DELETE FROM authorizationdatabase.DATABASECHANGELOGLOCK
2019-01-08 01:45:25.453  INFO [authorization-service,,,] 21637 --- [restartedMain] liquibase.executor.jvm.JdbcExecutor      : INSERT INTO authorizationdatabase.DATABASECHANGELOGLOCK (ID, `LOCKED`) VALUES (1, 0)
2019-01-08 01:45:25.462  INFO [authorization-service,,,] 21637 --- [restartedMain] liquibase.executor.jvm.JdbcExecutor      : SELECT `LOCKED` FROM authorizationdatabase.DATABASECHANGELOGLOCK WHERE ID=1
2019-01-08 01:45:25.473  INFO [authorization-service,,,] 21637 --- [restartedMain] l.lockservice.StandardLockService        : Successfully acquired change log lock
2019-01-08 01:45:25.972  INFO [authorization-service,,,] 21637 --- [restartedMain] l.c.StandardChangeLogHistoryService      : Creating database history table with name: authorizationdatabase.DATABASECHANGELOG
2019-01-08 01:45:25.973  INFO [authorization-service,,,] 21637 --- [restartedMain] liquibase.executor.jvm.JdbcExecutor      : CREATE TABLE authorizationdatabase.DATABASECHANGELOG (ID VARCHAR(255) NOT NULL, AUTHOR VARCHAR(255) NOT NULL, FILENAME VARCHAR(255) NOT NULL, DATEEXECUTED datetime NOT NULL, ORDEREXECUTED INT NOT NULL, EXECTYPE VARCHAR(10) NOT NULL, MD5SUM VARCHAR(35) NULL, `DESCRIPTION` VARCHAR(255) NULL, COMMENTS VARCHAR(255) NULL, TAG VARCHAR(255) NULL, LIQUIBASE VARCHAR(20) NULL, CONTEXTS VARCHAR(255) NULL, LABELS VARCHAR(255) NULL, DEPLOYMENT_ID VARCHAR(10) NULL)
2019-01-08 01:45:26.001  INFO [authorization-service,,,] 21637 --- [restartedMain] liquibase.executor.jvm.JdbcExecutor      : SELECT COUNT(*) FROM authorizationdatabase.DATABASECHANGELOG
2019-01-08 01:45:26.003  INFO [authorization-service,,,] 21637 --- [restartedMain] l.c.StandardChangeLogHistoryService      : Reading from authorizationdatabase.DATABASECHANGELOG
2019-01-08 01:45:26.004  INFO [authorization-service,,,] 21637 --- [restartedMain] liquibase.executor.jvm.JdbcExecutor      : SELECT * FROM authorizationdatabase.DATABASECHANGELOG ORDER BY DATEEXECUTED ASC, ORDEREXECUTED ASC
2019-01-08 01:45:26.006  INFO [authorization-service,,,] 21637 --- [restartedMain] liquibase.executor.jvm.JdbcExecutor      : SELECT COUNT(*) FROM authorizationdatabase.DATABASECHANGELOGLOCK
2019-01-08 01:45:26.016  INFO [authorization-service,,,] 21637 --- [restartedMain] l.lockservice.StandardLockService        : Successfully released change log lock
2019-01-08 01:45:26.123  INFO [authorization-service,,,] 21637 --- [restartedMain] o.hibernate.jpa.internal.util.LogHelper  : HHH000204: Processing PersistenceUnitInfo [
	name: default
	...]
2019-01-08 01:45:26.162  INFO [authorization-service,,,] 21637 --- [restartedMain] org.hibernate.Version                    : HHH000412: Hibernate Core {5.3.7.Final}
2019-01-08 01:45:26.163  INFO [authorization-service,,,] 21637 --- [restartedMain] org.hibernate.cfg.Environment            : HHH000206: hibernate.properties not found
2019-01-08 01:45:26.283  INFO [authorization-service,,,] 21637 --- [restartedMain] o.hibernate.annotations.common.Version   : HCANN000001: Hibernate Commons Annotations {5.0.4.Final}
2019-01-08 01:45:26.562  INFO [authorization-service,,,] 21637 --- [restartedMain] org.hibernate.dialect.Dialect            : HHH000400: Using dialect: org.hibernate.dialect.MySQL5InnoDBDialect
2019-01-08 01:45:27.020  INFO [authorization-service,,,] 21637 --- [restartedMain] j.LocalContainerEntityManagerFactoryBean : Initialized JPA EntityManagerFactory for persistence unit 'default'
2019-01-08 01:45:27.084  INFO [authorization-service,,,] 21637 --- [restartedMain] o.s.b.d.a.OptionalLiveReloadServer       : LiveReload server is running on port 35729
2019-01-08 01:45:27.522  WARN [authorization-service,,,] 21637 --- [restartedMain] o.s.s.o.p.t.s.JwtAccessTokenConverter    : Unable to create an RSA verifier from verifierKey (ignoreable if using MAC)
2019-01-08 01:45:28.166  WARN [authorization-service,,,] 21637 --- [restartedMain] c.n.c.sources.URLConfigurationSource     : No URLs will be polled as dynamic configuration sources.
2019-01-08 01:45:28.439  INFO [authorization-service,,,] 21637 --- [restartedMain] o.s.s.concurrent.ThreadPoolTaskExecutor  : Initializing ExecutorService 'applicationTaskExecutor'
2019-01-08 01:45:28.506  WARN [authorization-service,,,] 21637 --- [restartedMain] aWebConfiguration$JpaWebMvcConfiguration : spring.jpa.open-in-view is enabled by default. Therefore, database queries may be performed during view rendering. Explicitly configure spring.jpa.open-in-view to disable this warning
2019-01-08 01:45:29.058  INFO [authorization-service,,,] 21637 --- [restartedMain] o.s.s.web.DefaultSecurityFilterChain     : Creating filter chain: OrRequestMatcher [requestMatchers=[Ant [pattern='/oauth/token'], Ant [pattern='/oauth/token_key'], Ant [pattern='/oauth/check_token']]], [org.springframework.security.web.context.request.async.WebAsyncManagerIntegrationFilter@33995b3f, org.springframework.security.web.context.SecurityContextPersistenceFilter@6a1f611e, org.springframework.security.web.header.HeaderWriterFilter@52a96ceb, org.springframework.security.web.authentication.logout.LogoutFilter@5610ed7a, org.springframework.security.web.authentication.www.BasicAuthenticationFilter@6ec239e4, org.springframework.security.web.savedrequest.RequestCacheAwareFilter@4d774eb2, org.springframework.security.web.servletapi.SecurityContextHolderAwareRequestFilter@9fa8407, org.springframework.security.web.authentication.AnonymousAuthenticationFilter@2c190caf, org.springframework.security.web.session.SessionManagementFilter@4fb4f449, org.springframework.security.web.access.ExceptionTranslationFilter@6a6310f0, org.springframework.security.web.access.intercept.FilterSecurityInterceptor@6f7d8cc8]
2019-01-08 01:45:29.072  INFO [authorization-service,,,] 21637 --- [restartedMain] o.s.s.web.DefaultSecurityFilterChain     : Creating filter chain: org.springframework.security.oauth2.config.annotation.web.configuration.ResourceServerConfiguration$NotOAuthRequestMatcher@64f0a20a, [org.springframework.security.web.context.request.async.WebAsyncManagerIntegrationFilter@389b33e2, org.springframework.security.web.context.SecurityContextPersistenceFilter@471033ec, org.springframework.security.web.header.HeaderWriterFilter@e0fe187, org.springframework.security.web.authentication.logout.LogoutFilter@78e84cb8, org.springframework.security.oauth2.provider.authentication.OAuth2AuthenticationProcessingFilter@3da9fdeb, org.springframework.security.web.savedrequest.RequestCacheAwareFilter@3478d1c1, org.springframework.security.web.servletapi.SecurityContextHolderAwareRequestFilter@458a0d10, org.springframework.security.web.authentication.AnonymousAuthenticationFilter@71abd8a1, org.springframework.security.web.session.SessionManagementFilter@662b7e9f, org.springframework.security.web.access.ExceptionTranslationFilter@431611ae, org.springframework.security.web.access.intercept.FilterSecurityInterceptor@75055043]
2019-01-08 01:45:29.076  INFO [authorization-service,,,] 21637 --- [restartedMain] o.s.s.web.DefaultSecurityFilterChain     : Creating filter chain: any request, [org.springframework.security.web.context.request.async.WebAsyncManagerIntegrationFilter@30fd89a5, org.springframework.security.web.context.SecurityContextPersistenceFilter@7808f7e, org.springframework.security.web.header.HeaderWriterFilter@7f830c73, org.springframework.security.web.authentication.logout.LogoutFilter@33050bc4, org.springframework.security.web.savedrequest.RequestCacheAwareFilter@53c0a1c1, org.springframework.security.web.servletapi.SecurityContextHolderAwareRequestFilter@3447df5e, org.springframework.security.web.authentication.AnonymousAuthenticationFilter@6665e8d2, org.springframework.security.web.session.SessionManagementFilter@4ab9bf85, org.springframework.security.web.access.ExceptionTranslationFilter@68879275]
2019-01-08 01:45:29.186  INFO [authorization-service,,,] 21637 --- [restartedMain] o.s.b.a.e.web.EndpointLinksResolver      : Exposing 2 endpoint(s) beneath base path '/actuator'
2019-01-08 01:45:29.633  INFO [authorization-service,,,] 21637 --- [restartedMain] o.s.c.n.eureka.InstanceInfoFactory       : Setting initial instance status as: STARTING
2019-01-08 01:45:30.123  INFO [authorization-service,,,] 21637 --- [restartedMain] o.s.c.n.e.s.EurekaServiceRegistry        : Registering application AUTHORIZATION-SERVICE with eureka with status UP
2019-01-08 01:45:30.185  INFO [authorization-service,,,] 21637 --- [restartedMain] o.s.b.w.embedded.tomcat.TomcatWebServer  : Tomcat started on port(s): 8101 (http) with context path ''
2019-01-08 01:45:30.186  INFO [authorization-service,,,] 21637 --- [restartedMain] .s.c.n.e.s.EurekaAutoServiceRegistration : Updating port to 8101
2019-01-08 01:45:30.189  INFO [authorization-service,,,] 21637 --- [restartedMain] c.s.a.AuthorizationserviceApplication    : Started AuthorizationserviceApplication in 10.726 seconds (JVM running for 11.497)
2019-01-08 01:45:30.215  INFO [authorization-service,,,] 21637 --- [restartedMain] o.h.h.i.QueryTranslatorFactoryInitiator  : HHH000397: Using ASTQueryTranslatorFactory
2019-01-08 01:45:30.736  INFO [authorization-service,,,] 21637 --- [RMI TCP Connection(6)-127.0.0.1] o.a.c.c.C.[Tomcat].[localhost].[/]       : Initializing Spring DispatcherServlet 'dispatcherServlet'
2019-01-08 02:01:55.663  INFO [authorization-service,,,] 21637 --- [Thread-36] o.s.c.n.e.s.EurekaServiceRegistry        : Unregistering application AUTHORIZATION-SERVICE with eureka with status DOWN
2019-01-08 02:01:55.669  WARN [authorization-service,,,] 21637 --- [Thread-36] com.netflix.discovery.DiscoveryClient    : Saw local status change event StatusChangeEvent [timestamp=1546905715669, current=DOWN, previous=UP]
2019-01-08 02:01:55.675  INFO [authorization-service,,,] 21637 --- [Thread-36] o.s.s.concurrent.ThreadPoolTaskExecutor  : Shutting down ExecutorService 'applicationTaskExecutor'
2019-01-08 02:01:55.679  INFO [authorization-service,,,] 21637 --- [Thread-36] j.LocalContainerEntityManagerFactoryBean : Closing JPA EntityManagerFactory for persistence unit 'default'
2019-01-08 02:01:59.398 ERROR [authorization-service,,,] 21637 --- [Thread-36] c.n.d.s.t.d.RedirectingEurekaHttpClient  : Request execution error. endpoint=DefaultEndpoint{ serviceUrl='http://localhost:8761/eureka/}

com.sun.jersey.api.client.ClientHandlerException: java.net.ConnectException: Connection refused (Connection refused)
	at com.sun.jersey.client.apache4.ApacheHttpClient4Handler.handle(ApacheHttpClient4Handler.java:187) ~[jersey-apache-client4-1.19.1.jar:1.19.1]
	at com.sun.jersey.api.client.filter.GZIPContentEncodingFilter.handle(GZIPContentEncodingFilter.java:123) ~[jersey-client-1.19.1.jar:1.19.1]
	at com.netflix.discovery.EurekaIdentityHeaderFilter.handle(EurekaIdentityHeaderFilter.java:27) ~[eureka-client-1.9.8.jar:1.9.8]
	at com.sun.jersey.api.client.Client.handle(Client.java:652) ~[jersey-client-1.19.1.jar:1.19.1]
	at com.sun.jersey.api.client.WebResource.handle(WebResource.java:682) ~[jersey-client-1.19.1.jar:1.19.1]
	at com.sun.jersey.api.client.WebResource.access$200(WebResource.java:74) ~[jersey-client-1.19.1.jar:1.19.1]
	at com.sun.jersey.api.client.WebResource$Builder.delete(WebResource.java:591) ~[jersey-client-1.19.1.jar:1.19.1]
	at com.netflix.discovery.shared.transport.jersey.AbstractJerseyEurekaHttpClient.cancel(AbstractJerseyEurekaHttpClient.java:76) ~[eureka-client-1.9.8.jar:1.9.8]
	at com.netflix.discovery.shared.transport.decorator.EurekaHttpClientDecorator$2.execute(EurekaHttpClientDecorator.java:74) [eureka-client-1.9.8.jar:1.9.8]
	at com.netflix.discovery.shared.transport.decorator.MetricsCollectingEurekaHttpClient.execute(MetricsCollectingEurekaHttpClient.java:73) ~[eureka-client-1.9.8.jar:1.9.8]
	at com.netflix.discovery.shared.transport.decorator.EurekaHttpClientDecorator.cancel(EurekaHttpClientDecorator.java:71) [eureka-client-1.9.8.jar:1.9.8]
	at com.netflix.discovery.shared.transport.decorator.EurekaHttpClientDecorator$2.execute(EurekaHttpClientDecorator.java:74) [eureka-client-1.9.8.jar:1.9.8]
	at com.netflix.discovery.shared.transport.decorator.RedirectingEurekaHttpClient.execute(RedirectingEurekaHttpClient.java:89) ~[eureka-client-1.9.8.jar:1.9.8]
	at com.netflix.discovery.shared.transport.decorator.EurekaHttpClientDecorator.cancel(EurekaHttpClientDecorator.java:71) [eureka-client-1.9.8.jar:1.9.8]
	at com.netflix.discovery.shared.transport.decorator.EurekaHttpClientDecorator$2.execute(EurekaHttpClientDecorator.java:74) [eureka-client-1.9.8.jar:1.9.8]
	at com.netflix.discovery.shared.transport.decorator.RetryableEurekaHttpClient.execute(RetryableEurekaHttpClient.java:120) [eureka-client-1.9.8.jar:1.9.8]
	at com.netflix.discovery.shared.transport.decorator.EurekaHttpClientDecorator.cancel(EurekaHttpClientDecorator.java:71) [eureka-client-1.9.8.jar:1.9.8]
	at com.netflix.discovery.shared.transport.decorator.EurekaHttpClientDecorator$2.execute(EurekaHttpClientDecorator.java:74) [eureka-client-1.9.8.jar:1.9.8]
	at com.netflix.discovery.shared.transport.decorator.SessionedEurekaHttpClient.execute(SessionedEurekaHttpClient.java:77) [eureka-client-1.9.8.jar:1.9.8]
	at com.netflix.discovery.shared.transport.decorator.EurekaHttpClientDecorator.cancel(EurekaHttpClientDecorator.java:71) [eureka-client-1.9.8.jar:1.9.8]
	at com.netflix.discovery.DiscoveryClient.unregister(DiscoveryClient.java:923) [eureka-client-1.9.8.jar:1.9.8]
	at com.netflix.discovery.DiscoveryClient.shutdown(DiscoveryClient.java:901) [eureka-client-1.9.8.jar:1.9.8]
	at sun.reflect.NativeMethodAccessorImpl.invoke0(Native Method) ~[na:1.8.0_172]
	at sun.reflect.NativeMethodAccessorImpl.invoke(NativeMethodAccessorImpl.java:62) ~[na:1.8.0_172]
	at sun.reflect.DelegatingMethodAccessorImpl.invoke(DelegatingMethodAccessorImpl.java:43) ~[na:1.8.0_172]
	at java.lang.reflect.Method.invoke(Method.java:498) ~[na:1.8.0_172]
	at org.springframework.beans.factory.annotation.InitDestroyAnnotationBeanPostProcessor$LifecycleElement.invoke(InitDestroyAnnotationBeanPostProcessor.java:363) [spring-beans-5.1.3.RELEASE.jar:5.1.3.RELEASE]
	at org.springframework.beans.factory.annotation.InitDestroyAnnotationBeanPostProcessor$LifecycleMetadata.invokeDestroyMethods(InitDestroyAnnotationBeanPostProcessor.java:321) [spring-beans-5.1.3.RELEASE.jar:5.1.3.RELEASE]
	at org.springframework.beans.factory.annotation.InitDestroyAnnotationBeanPostProcessor.postProcessBeforeDestruction(InitDestroyAnnotationBeanPostProcessor.java:156) [spring-beans-5.1.3.RELEASE.jar:5.1.3.RELEASE]
	at org.springframework.beans.factory.support.DisposableBeanAdapter.destroy(DisposableBeanAdapter.java:240) [spring-beans-5.1.3.RELEASE.jar:5.1.3.RELEASE]
	at org.springframework.beans.factory.support.DisposableBeanAdapter.run(DisposableBeanAdapter.java:233) [spring-beans-5.1.3.RELEASE.jar:5.1.3.RELEASE]
	at org.springframework.cloud.context.scope.GenericScope$BeanLifecycleWrapper.destroy(GenericScope.java:404) [spring-cloud-context-2.1.0.RC2.jar:2.1.0.RC2]
	at org.springframework.cloud.context.scope.GenericScope.destroy(GenericScope.java:139) [spring-cloud-context-2.1.0.RC2.jar:2.1.0.RC2]
	at org.springframework.beans.factory.support.DisposableBeanAdapter.destroy(DisposableBeanAdapter.java:256) [spring-beans-5.1.3.RELEASE.jar:5.1.3.RELEASE]
	at org.springframework.beans.factory.support.DefaultSingletonBeanRegistry.destroyBean(DefaultSingletonBeanRegistry.java:571) [spring-beans-5.1.3.RELEASE.jar:5.1.3.RELEASE]
	at org.springframework.beans.factory.support.DefaultSingletonBeanRegistry.destroySingleton(DefaultSingletonBeanRegistry.java:543) [spring-beans-5.1.3.RELEASE.jar:5.1.3.RELEASE]
	at org.springframework.beans.factory.support.DefaultListableBeanFactory.destroySingleton(DefaultListableBeanFactory.java:1052) [spring-beans-5.1.3.RELEASE.jar:5.1.3.RELEASE]
	at org.springframework.beans.factory.support.DefaultSingletonBeanRegistry.destroySingletons(DefaultSingletonBeanRegistry.java:504) [spring-beans-5.1.3.RELEASE.jar:5.1.3.RELEASE]
	at org.springframework.beans.factory.support.DefaultListableBeanFactory.destroySingletons(DefaultListableBeanFactory.java:1059) [spring-beans-5.1.3.RELEASE.jar:5.1.3.RELEASE]
	at org.springframework.context.support.AbstractApplicationContext.destroyBeans(AbstractApplicationContext.java:1035) [spring-context-5.1.3.RELEASE.jar:5.1.3.RELEASE]
	at org.springframework.context.support.AbstractApplicationContext.doClose(AbstractApplicationContext.java:1011) [spring-context-5.1.3.RELEASE.jar:5.1.3.RELEASE]
	at org.springframework.context.support.AbstractApplicationContext$1.run(AbstractApplicationContext.java:931) [spring-context-5.1.3.RELEASE.jar:5.1.3.RELEASE]
Caused by: java.net.ConnectException: Connection refused (Connection refused)
	at java.net.PlainSocketImpl.socketConnect(Native Method) ~[na:1.8.0_172]
	at java.net.AbstractPlainSocketImpl.doConnect(AbstractPlainSocketImpl.java:350) ~[na:1.8.0_172]
	at java.net.AbstractPlainSocketImpl.connectToAddress(AbstractPlainSocketImpl.java:206) ~[na:1.8.0_172]
	at java.net.AbstractPlainSocketImpl.connect(AbstractPlainSocketImpl.java:188) ~[na:1.8.0_172]
	at java.net.SocksSocketImpl.connect(SocksSocketImpl.java:392) ~[na:1.8.0_172]
	at java.net.Socket.connect(Socket.java:589) ~[na:1.8.0_172]
	at org.apache.http.conn.scheme.PlainSocketFactory.connectSocket(PlainSocketFactory.java:121) ~[httpclient-4.5.6.jar:4.5.6]
	at org.apache.http.impl.conn.DefaultClientConnectionOperator.openConnection(DefaultClientConnectionOperator.java:180) ~[httpclient-4.5.6.jar:4.5.6]
	at org.apache.http.impl.conn.AbstractPoolEntry.open(AbstractPoolEntry.java:144) ~[httpclient-4.5.6.jar:4.5.6]
	at org.apache.http.impl.conn.AbstractPooledConnAdapter.open(AbstractPooledConnAdapter.java:134) ~[httpclient-4.5.6.jar:4.5.6]
	at org.apache.http.impl.client.DefaultRequestDirector.tryConnect(DefaultRequestDirector.java:610) ~[httpclient-4.5.6.jar:4.5.6]
	at org.apache.http.impl.client.DefaultRequestDirector.execute(DefaultRequestDirector.java:445) ~[httpclient-4.5.6.jar:4.5.6]
	at org.apache.http.impl.client.AbstractHttpClient.doExecute(AbstractHttpClient.java:835) ~[httpclient-4.5.6.jar:4.5.6]
	at org.apache.http.impl.client.CloseableHttpClient.execute(CloseableHttpClient.java:118) ~[httpclient-4.5.6.jar:4.5.6]
	at org.apache.http.impl.client.CloseableHttpClient.execute(CloseableHttpClient.java:56) ~[httpclient-4.5.6.jar:4.5.6]
	at com.sun.jersey.client.apache4.ApacheHttpClient4Handler.handle(ApacheHttpClient4Handler.java:173) ~[jersey-apache-client4-1.19.1.jar:1.19.1]
	... 41 common frames omitted

2019-01-08 02:01:59.399  WARN [authorization-service,,,] 21637 --- [Thread-36] c.n.d.s.t.d.RetryableEurekaHttpClient    : Request execution failed with message: java.net.ConnectException: Connection refused (Connection refused)
2019-01-08 02:01:59.401 ERROR [authorization-service,,,] 21637 --- [Thread-36] c.n.d.s.t.d.RedirectingEurekaHttpClient  : Request execution error. endpoint=DefaultEndpoint{ serviceUrl='http://localhost:8761/eureka/}

com.sun.jersey.api.client.ClientHandlerException: java.net.ConnectException: Connection refused (Connection refused)
	at com.sun.jersey.client.apache4.ApacheHttpClient4Handler.handle(ApacheHttpClient4Handler.java:187) ~[jersey-apache-client4-1.19.1.jar:1.19.1]
	at com.sun.jersey.api.client.filter.GZIPContentEncodingFilter.handle(GZIPContentEncodingFilter.java:123) ~[jersey-client-1.19.1.jar:1.19.1]
	at com.netflix.discovery.EurekaIdentityHeaderFilter.handle(EurekaIdentityHeaderFilter.java:27) ~[eureka-client-1.9.8.jar:1.9.8]
	at com.sun.jersey.api.client.Client.handle(Client.java:652) ~[jersey-client-1.19.1.jar:1.19.1]
	at com.sun.jersey.api.client.WebResource.handle(WebResource.java:682) ~[jersey-client-1.19.1.jar:1.19.1]
	at com.sun.jersey.api.client.WebResource.access$200(WebResource.java:74) ~[jersey-client-1.19.1.jar:1.19.1]
	at com.sun.jersey.api.client.WebResource$Builder.delete(WebResource.java:591) ~[jersey-client-1.19.1.jar:1.19.1]
	at com.netflix.discovery.shared.transport.jersey.AbstractJerseyEurekaHttpClient.cancel(AbstractJerseyEurekaHttpClient.java:76) ~[eureka-client-1.9.8.jar:1.9.8]
	at com.netflix.discovery.shared.transport.decorator.EurekaHttpClientDecorator$2.execute(EurekaHttpClientDecorator.java:74) [eureka-client-1.9.8.jar:1.9.8]
	at com.netflix.discovery.shared.transport.decorator.MetricsCollectingEurekaHttpClient.execute(MetricsCollectingEurekaHttpClient.java:73) ~[eureka-client-1.9.8.jar:1.9.8]
	at com.netflix.discovery.shared.transport.decorator.EurekaHttpClientDecorator.cancel(EurekaHttpClientDecorator.java:71) [eureka-client-1.9.8.jar:1.9.8]
	at com.netflix.discovery.shared.transport.decorator.EurekaHttpClientDecorator$2.execute(EurekaHttpClientDecorator.java:74) [eureka-client-1.9.8.jar:1.9.8]
	at com.netflix.discovery.shared.transport.decorator.RedirectingEurekaHttpClient.executeOnNewServer(RedirectingEurekaHttpClient.java:118) ~[eureka-client-1.9.8.jar:1.9.8]
	at com.netflix.discovery.shared.transport.decorator.RedirectingEurekaHttpClient.execute(RedirectingEurekaHttpClient.java:79) ~[eureka-client-1.9.8.jar:1.9.8]
	at com.netflix.discovery.shared.transport.decorator.EurekaHttpClientDecorator.cancel(EurekaHttpClientDecorator.java:71) [eureka-client-1.9.8.jar:1.9.8]
	at com.netflix.discovery.shared.transport.decorator.EurekaHttpClientDecorator$2.execute(EurekaHttpClientDecorator.java:74) [eureka-client-1.9.8.jar:1.9.8]
	at com.netflix.discovery.shared.transport.decorator.RetryableEurekaHttpClient.execute(RetryableEurekaHttpClient.java:120) [eureka-client-1.9.8.jar:1.9.8]
	at com.netflix.discovery.shared.transport.decorator.EurekaHttpClientDecorator.cancel(EurekaHttpClientDecorator.java:71) [eureka-client-1.9.8.jar:1.9.8]
	at com.netflix.discovery.shared.transport.decorator.EurekaHttpClientDecorator$2.execute(EurekaHttpClientDecorator.java:74) [eureka-client-1.9.8.jar:1.9.8]
	at com.netflix.discovery.shared.transport.decorator.SessionedEurekaHttpClient.execute(SessionedEurekaHttpClient.java:77) [eureka-client-1.9.8.jar:1.9.8]
	at com.netflix.discovery.shared.transport.decorator.EurekaHttpClientDecorator.cancel(EurekaHttpClientDecorator.java:71) [eureka-client-1.9.8.jar:1.9.8]
	at com.netflix.discovery.DiscoveryClient.unregister(DiscoveryClient.java:923) [eureka-client-1.9.8.jar:1.9.8]
	at com.netflix.discovery.DiscoveryClient.shutdown(DiscoveryClient.java:901) [eureka-client-1.9.8.jar:1.9.8]
	at sun.reflect.NativeMethodAccessorImpl.invoke0(Native Method) ~[na:1.8.0_172]
	at sun.reflect.NativeMethodAccessorImpl.invoke(NativeMethodAccessorImpl.java:62) ~[na:1.8.0_172]
	at sun.reflect.DelegatingMethodAccessorImpl.invoke(DelegatingMethodAccessorImpl.java:43) ~[na:1.8.0_172]
	at java.lang.reflect.Method.invoke(Method.java:498) ~[na:1.8.0_172]
	at org.springframework.beans.factory.annotation.InitDestroyAnnotationBeanPostProcessor$LifecycleElement.invoke(InitDestroyAnnotationBeanPostProcessor.java:363) [spring-beans-5.1.3.RELEASE.jar:5.1.3.RELEASE]
	at org.springframework.beans.factory.annotation.InitDestroyAnnotationBeanPostProcessor$LifecycleMetadata.invokeDestroyMethods(InitDestroyAnnotationBeanPostProcessor.java:321) [spring-beans-5.1.3.RELEASE.jar:5.1.3.RELEASE]
	at org.springframework.beans.factory.annotation.InitDestroyAnnotationBeanPostProcessor.postProcessBeforeDestruction(InitDestroyAnnotationBeanPostProcessor.java:156) [spring-beans-5.1.3.RELEASE.jar:5.1.3.RELEASE]
	at org.springframework.beans.factory.support.DisposableBeanAdapter.destroy(DisposableBeanAdapter.java:240) [spring-beans-5.1.3.RELEASE.jar:5.1.3.RELEASE]
	at org.springframework.beans.factory.support.DisposableBeanAdapter.run(DisposableBeanAdapter.java:233) [spring-beans-5.1.3.RELEASE.jar:5.1.3.RELEASE]
	at org.springframework.cloud.context.scope.GenericScope$BeanLifecycleWrapper.destroy(GenericScope.java:404) [spring-cloud-context-2.1.0.RC2.jar:2.1.0.RC2]
	at org.springframework.cloud.context.scope.GenericScope.destroy(GenericScope.java:139) [spring-cloud-context-2.1.0.RC2.jar:2.1.0.RC2]
	at org.springframework.beans.factory.support.DisposableBeanAdapter.destroy(DisposableBeanAdapter.java:256) [spring-beans-5.1.3.RELEASE.jar:5.1.3.RELEASE]
	at org.springframework.beans.factory.support.DefaultSingletonBeanRegistry.destroyBean(DefaultSingletonBeanRegistry.java:571) [spring-beans-5.1.3.RELEASE.jar:5.1.3.RELEASE]
	at org.springframework.beans.factory.support.DefaultSingletonBeanRegistry.destroySingleton(DefaultSingletonBeanRegistry.java:543) [spring-beans-5.1.3.RELEASE.jar:5.1.3.RELEASE]
	at org.springframework.beans.factory.support.DefaultListableBeanFactory.destroySingleton(DefaultListableBeanFactory.java:1052) [spring-beans-5.1.3.RELEASE.jar:5.1.3.RELEASE]
	at org.springframework.beans.factory.support.DefaultSingletonBeanRegistry.destroySingletons(DefaultSingletonBeanRegistry.java:504) [spring-beans-5.1.3.RELEASE.jar:5.1.3.RELEASE]
	at org.springframework.beans.factory.support.DefaultListableBeanFactory.destroySingletons(DefaultListableBeanFactory.java:1059) [spring-beans-5.1.3.RELEASE.jar:5.1.3.RELEASE]
	at org.springframework.context.support.AbstractApplicationContext.destroyBeans(AbstractApplicationContext.java:1035) [spring-context-5.1.3.RELEASE.jar:5.1.3.RELEASE]
	at org.springframework.context.support.AbstractApplicationContext.doClose(AbstractApplicationContext.java:1011) [spring-context-5.1.3.RELEASE.jar:5.1.3.RELEASE]
	at org.springframework.context.support.AbstractApplicationContext$1.run(AbstractApplicationContext.java:931) [spring-context-5.1.3.RELEASE.jar:5.1.3.RELEASE]
Caused by: java.net.ConnectException: Connection refused (Connection refused)
	at java.net.PlainSocketImpl.socketConnect(Native Method) ~[na:1.8.0_172]
	at java.net.AbstractPlainSocketImpl.doConnect(AbstractPlainSocketImpl.java:350) ~[na:1.8.0_172]
	at java.net.AbstractPlainSocketImpl.connectToAddress(AbstractPlainSocketImpl.java:206) ~[na:1.8.0_172]
	at java.net.AbstractPlainSocketImpl.connect(AbstractPlainSocketImpl.java:188) ~[na:1.8.0_172]
	at java.net.SocksSocketImpl.connect(SocksSocketImpl.java:392) ~[na:1.8.0_172]
	at java.net.Socket.connect(Socket.java:589) ~[na:1.8.0_172]
	at org.apache.http.conn.scheme.PlainSocketFactory.connectSocket(PlainSocketFactory.java:121) ~[httpclient-4.5.6.jar:4.5.6]
	at org.apache.http.impl.conn.DefaultClientConnectionOperator.openConnection(DefaultClientConnectionOperator.java:180) ~[httpclient-4.5.6.jar:4.5.6]
	at org.apache.http.impl.conn.AbstractPoolEntry.open(AbstractPoolEntry.java:144) ~[httpclient-4.5.6.jar:4.5.6]
	at org.apache.http.impl.conn.AbstractPooledConnAdapter.open(AbstractPooledConnAdapter.java:134) ~[httpclient-4.5.6.jar:4.5.6]
	at org.apache.http.impl.client.DefaultRequestDirector.tryConnect(DefaultRequestDirector.java:610) ~[httpclient-4.5.6.jar:4.5.6]
	at org.apache.http.impl.client.DefaultRequestDirector.execute(DefaultRequestDirector.java:445) ~[httpclient-4.5.6.jar:4.5.6]
	at org.apache.http.impl.client.AbstractHttpClient.doExecute(AbstractHttpClient.java:835) ~[httpclient-4.5.6.jar:4.5.6]
	at org.apache.http.impl.client.CloseableHttpClient.execute(CloseableHttpClient.java:118) ~[httpclient-4.5.6.jar:4.5.6]
	at org.apache.http.impl.client.CloseableHttpClient.execute(CloseableHttpClient.java:56) ~[httpclient-4.5.6.jar:4.5.6]
	at com.sun.jersey.client.apache4.ApacheHttpClient4Handler.handle(ApacheHttpClient4Handler.java:173) ~[jersey-apache-client4-1.19.1.jar:1.19.1]
	... 42 common frames omitted

2019-01-08 02:01:59.402  WARN [authorization-service,,,] 21637 --- [Thread-36] c.n.d.s.t.d.RetryableEurekaHttpClient    : Request execution failed with message: java.net.ConnectException: Connection refused (Connection refused)
2019-01-08 02:01:59.403 ERROR [authorization-service,,,] 21637 --- [Thread-36] com.netflix.discovery.DiscoveryClient    : DiscoveryClient_AUTHORIZATION-SERVICE/192.168.31.90:authorization-service:8101 - de-registration failedCannot execute request on any known server

com.netflix.discovery.shared.transport.TransportException: Cannot execute request on any known server
	at com.netflix.discovery.shared.transport.decorator.RetryableEurekaHttpClient.execute(RetryableEurekaHttpClient.java:112) ~[eureka-client-1.9.8.jar:1.9.8]
	at com.netflix.discovery.shared.transport.decorator.EurekaHttpClientDecorator.cancel(EurekaHttpClientDecorator.java:71) ~[eureka-client-1.9.8.jar:1.9.8]
	at com.netflix.discovery.shared.transport.decorator.EurekaHttpClientDecorator$2.execute(EurekaHttpClientDecorator.java:74) ~[eureka-client-1.9.8.jar:1.9.8]
	at com.netflix.discovery.shared.transport.decorator.SessionedEurekaHttpClient.execute(SessionedEurekaHttpClient.java:77) ~[eureka-client-1.9.8.jar:1.9.8]
	at com.netflix.discovery.shared.transport.decorator.EurekaHttpClientDecorator.cancel(EurekaHttpClientDecorator.java:71) ~[eureka-client-1.9.8.jar:1.9.8]
	at com.netflix.discovery.DiscoveryClient.unregister(DiscoveryClient.java:923) [eureka-client-1.9.8.jar:1.9.8]
	at com.netflix.discovery.DiscoveryClient.shutdown(DiscoveryClient.java:901) [eureka-client-1.9.8.jar:1.9.8]
	at sun.reflect.NativeMethodAccessorImpl.invoke0(Native Method) ~[na:1.8.0_172]
	at sun.reflect.NativeMethodAccessorImpl.invoke(NativeMethodAccessorImpl.java:62) ~[na:1.8.0_172]
	at sun.reflect.DelegatingMethodAccessorImpl.invoke(DelegatingMethodAccessorImpl.java:43) ~[na:1.8.0_172]
	at java.lang.reflect.Method.invoke(Method.java:498) ~[na:1.8.0_172]
	at org.springframework.beans.factory.annotation.InitDestroyAnnotationBeanPostProcessor$LifecycleElement.invoke(InitDestroyAnnotationBeanPostProcessor.java:363) [spring-beans-5.1.3.RELEASE.jar:5.1.3.RELEASE]
	at org.springframework.beans.factory.annotation.InitDestroyAnnotationBeanPostProcessor$LifecycleMetadata.invokeDestroyMethods(InitDestroyAnnotationBeanPostProcessor.java:321) [spring-beans-5.1.3.RELEASE.jar:5.1.3.RELEASE]
	at org.springframework.beans.factory.annotation.InitDestroyAnnotationBeanPostProcessor.postProcessBeforeDestruction(InitDestroyAnnotationBeanPostProcessor.java:156) [spring-beans-5.1.3.RELEASE.jar:5.1.3.RELEASE]
	at org.springframework.beans.factory.support.DisposableBeanAdapter.destroy(DisposableBeanAdapter.java:240) [spring-beans-5.1.3.RELEASE.jar:5.1.3.RELEASE]
	at org.springframework.beans.factory.support.DisposableBeanAdapter.run(DisposableBeanAdapter.java:233) [spring-beans-5.1.3.RELEASE.jar:5.1.3.RELEASE]
	at org.springframework.cloud.context.scope.GenericScope$BeanLifecycleWrapper.destroy(GenericScope.java:404) [spring-cloud-context-2.1.0.RC2.jar:2.1.0.RC2]
	at org.springframework.cloud.context.scope.GenericScope.destroy(GenericScope.java:139) [spring-cloud-context-2.1.0.RC2.jar:2.1.0.RC2]
	at org.springframework.beans.factory.support.DisposableBeanAdapter.destroy(DisposableBeanAdapter.java:256) [spring-beans-5.1.3.RELEASE.jar:5.1.3.RELEASE]
	at org.springframework.beans.factory.support.DefaultSingletonBeanRegistry.destroyBean(DefaultSingletonBeanRegistry.java:571) [spring-beans-5.1.3.RELEASE.jar:5.1.3.RELEASE]
	at org.springframework.beans.factory.support.DefaultSingletonBeanRegistry.destroySingleton(DefaultSingletonBeanRegistry.java:543) [spring-beans-5.1.3.RELEASE.jar:5.1.3.RELEASE]
	at org.springframework.beans.factory.support.DefaultListableBeanFactory.destroySingleton(DefaultListableBeanFactory.java:1052) [spring-beans-5.1.3.RELEASE.jar:5.1.3.RELEASE]
	at org.springframework.beans.factory.support.DefaultSingletonBeanRegistry.destroySingletons(DefaultSingletonBeanRegistry.java:504) [spring-beans-5.1.3.RELEASE.jar:5.1.3.RELEASE]
	at org.springframework.beans.factory.support.DefaultListableBeanFactory.destroySingletons(DefaultListableBeanFactory.java:1059) [spring-beans-5.1.3.RELEASE.jar:5.1.3.RELEASE]
	at org.springframework.context.support.AbstractApplicationContext.destroyBeans(AbstractApplicationContext.java:1035) [spring-context-5.1.3.RELEASE.jar:5.1.3.RELEASE]
	at org.springframework.context.support.AbstractApplicationContext.doClose(AbstractApplicationContext.java:1011) [spring-context-5.1.3.RELEASE.jar:5.1.3.RELEASE]
	at org.springframework.context.support.AbstractApplicationContext$1.run(AbstractApplicationContext.java:931) [spring-context-5.1.3.RELEASE.jar:5.1.3.RELEASE]

2019-01-08 02:01:59.415  INFO [authorization-service,,,] 21637 --- [Thread-36] com.zaxxer.hikari.HikariDataSource       : HikariPool-1 - Shutdown initiated...
2019-01-08 02:01:59.434  INFO [authorization-service,,,] 21637 --- [Thread-36] com.zaxxer.hikari.HikariDataSource       : HikariPool-1 - Shutdown completed.
